2026-04-06 20:06:16,959 [INFO] PostgreSQL table 'api_records' is ready.
:: loading settings :: url = jar:file:/C:/Users/HP/AppData/Local/Packages/PythonSoftwareFoundation.Python.3.12_qbz5n2kfra8p0/LocalCache/local-packages/Python312/site-packages/pyspark/jars/ivy-2.5.1.jar!/org/apache/ivy/core/settings/ivysettings.xml
Ivy Default Cache set to: C:\Users\HP\.ivy2\cache
The jars for the packages stored in: C:\Users\HP\.ivy2\jars
org.apache.spark#spark-sql-kafka-0-10_2.12 added as a dependency
org.postgresql#postgresql added as a dependency
:: resolving dependencies :: org.apache.spark#spark-submit-parent-a2a3bd3d-be55-437b-b504-187da9a4542d;1.0
	confs: [default]
	found org.apache.spark#spark-sql-kafka-0-10_2.12;3.5.1 in central
	found org.apache.spark#spark-token-provider-kafka-0-10_2.12;3.5.1 in central
	found org.apache.kafka#kafka-clients;3.4.1 in central
	found org.lz4#lz4-java;1.8.0 in central
	found org.xerial.snappy#snappy-java;1.1.10.3 in central
	found org.slf4j#slf4j-api;2.0.7 in central
	found org.apache.hadoop#hadoop-client-runtime;3.3.4 in central
	found org.apache.hadoop#hadoop-client-api;3.3.4 in central
	found commons-logging#commons-logging;1.1.3 in central
	found com.google.code.findbugs#jsr305;3.0.0 in central
	found org.apache.commons#commons-pool2;2.11.1 in central
	found org.postgresql#postgresql;42.7.3 in central
	found org.checkerframework#checker-qual;3.42.0 in central
:: resolution report :: resolve 1799ms :: artifacts dl 200ms
	:: modules in use:
	com.google.code.findbugs#jsr305;3.0.0 from central in [default]
	commons-logging#commons-logging;1.1.3 from central in [default]
	org.apache.commons#commons-pool2;2.11.1 from central in [default]
	org.apache.hadoop#hadoop-client-api;3.3.4 from central in [default]
	org.apache.hadoop#hadoop-client-runtime;3.3.4 from central in [default]
	org.apache.kafka#kafka-clients;3.4.1 from central in [default]
	org.apache.spark#spark-sql-kafka-0-10_2.12;3.5.1 from central in [default]
	org.apache.spark#spark-token-provider-kafka-0-10_2.12;3.5.1 from central in [default]
	org.checkerframework#checker-qual;3.42.0 from central in [default]
	org.lz4#lz4-java;1.8.0 from central in [default]
	org.postgresql#postgresql;42.7.3 from central in [default]
	org.slf4j#slf4j-api;2.0.7 from central in [default]
	org.xerial.snappy#snappy-java;1.1.10.3 from central in [default]
	---------------------------------------------------------------------
	|                  |            modules            ||   artifacts   |
	|       conf       | number| search|dwnlded|evicted|| number|dwnlded|
	---------------------------------------------------------------------
	|      default     |   13  |   0   |   0   |   0   ||   13  |   0   |
	---------------------------------------------------------------------
:: retrieving :: org.apache.spark#spark-submit-parent-a2a3bd3d-be55-437b-b504-187da9a4542d
	confs: [default]
	0 artifacts copied, 13 already retrieved (0kB/51ms)
26/04/06 20:06:26 WARN NativeCodeLoader: Unable to load native-hadoop library for your platform... using builtin-java classes where applicable
Setting default log level to "WARN".
To adjust logging level use sc.setLogLevel(newLevel). For SparkR, use setLogLevel(newLevel).
2026-04-06 20:06:42,121 [INFO] Spark session created successfully.
2026-04-06 20:06:49,477 [INFO] Callback Server Starting
2026-04-06 20:06:49,477 [INFO] Socket listening on ('127.0.0.1', 51071)
26/04/06 20:06:49 WARN ResolveWriteToStream: spark.sql.adaptive.enabled is not supported in streaming DataFrames/Datasets and will be disabled.
2026-04-06 20:06:50,044 [INFO] Streaming query started successfully.
2026-04-06 20:06:50,049 [INFO] Records stream query id: 8f84b869-bef8-4b59-bca7-9b6a2f08e58d
26/04/06 20:06:50 ERROR MicroBatchExecution: Query public_api_records_to_postgres [id = 8f84b869-bef8-4b59-bca7-9b6a2f08e58d, runId = 542be204-2bc0-4d22-b657-986e1e011f67] terminated with error
java.lang.UnsatisfiedLinkError: org.apache.hadoop.io.nativeio.NativeIO$Windows.access0(Ljava/lang/String;I)Z
	at org.apache.hadoop.io.nativeio.NativeIO$Windows.access0(Native Method)
	at org.apache.hadoop.io.nativeio.NativeIO$Windows.access(NativeIO.java:793)
	at org.apache.hadoop.fs.FileUtil.canRead(FileUtil.java:1249)
	at org.apache.hadoop.fs.FileUtil.list(FileUtil.java:1454)
	at org.apache.hadoop.fs.RawLocalFileSystem.listStatus(RawLocalFileSystem.java:601)
	at org.apache.hadoop.fs.DelegateToFileSystem.listStatus(DelegateToFileSystem.java:177)
	at org.apache.hadoop.fs.ChecksumFs.listStatus(ChecksumFs.java:548)
	at org.apache.hadoop.fs.FileContext$Util$1.next(FileContext.java:1915)
	at org.apache.hadoop.fs.FileContext$Util$1.next(FileContext.java:1911)
	at org.apache.hadoop.fs.FSLinkResolver.resolve(FSLinkResolver.java:90)
	at org.apache.hadoop.fs.FileContext$Util.listStatus(FileContext.java:1917)
	at org.apache.hadoop.fs.FileContext$Util.listStatus(FileContext.java:1876)
	at org.apache.hadoop.fs.FileContext$Util.listStatus(FileContext.java:1835)
	at org.apache.spark.sql.execution.streaming.AbstractFileContextBasedCheckpointFileManager.list(CheckpointFileManager.scala:315)
	at org.apache.spark.sql.execution.streaming.HDFSMetadataLog.listBatches(HDFSMetadataLog.scala:327)
	at org.apache.spark.sql.execution.streaming.HDFSMetadataLog.getLatest(HDFSMetadataLog.scala:265)
	at org.apache.spark.sql.execution.streaming.MicroBatchExecution.$anonfun$runActivatedStream$2(MicroBatchExecution.scala:253)
	at scala.runtime.java8.JFunction0$mcV$sp.apply(JFunction0$mcV$sp.java:23)
	at org.apache.spark.sql.execution.streaming.ProgressReporter.reportTimeTaken(ProgressReporter.scala:427)
	at org.apache.spark.sql.execution.streaming.ProgressReporter.reportTimeTaken$(ProgressReporter.scala:425)
	at org.apache.spark.sql.execution.streaming.StreamExecution.reportTimeTaken(StreamExecution.scala:67)
	at org.apache.spark.sql.execution.streaming.MicroBatchExecution.$anonfun$runActivatedStream$1(MicroBatchExecution.scala:249)
	at org.apache.spark.sql.execution.streaming.ProcessingTimeExecutor.execute(TriggerExecutor.scala:67)
	at org.apache.spark.sql.execution.streaming.MicroBatchExecution.runActivatedStream(MicroBatchExecution.scala:239)
	at org.apache.spark.sql.execution.streaming.StreamExecution.$anonfun$runStream$1(StreamExecution.scala:311)
	at scala.runtime.java8.JFunction0$mcV$sp.apply(JFunction0$mcV$sp.java:23)
	at org.apache.spark.sql.SparkSession.withActive(SparkSession.scala:900)
	at org.apache.spark.sql.execution.streaming.StreamExecution.org$apache$spark$sql$execution$streaming$StreamExecution$$runStream(StreamExecution.scala:289)
	at org.apache.spark.sql.execution.streaming.StreamExecution$$anon$1.$anonfun$run$1(StreamExecution.scala:211)
	at scala.runtime.java8.JFunction0$mcV$sp.apply(JFunction0$mcV$sp.java:23)
	at org.apache.spark.JobArtifactSet$.withActiveJobArtifactState(JobArtifactSet.scala:94)
	at org.apache.spark.sql.execution.streaming.StreamExecution$$anon$1.run(StreamExecution.scala:211)
Exception in thread "stream execution thread for public_api_records_to_postgres [id = 8f84b869-bef8-4b59-bca7-9b6a2f08e58d, runId = 542be204-2bc0-4d22-b657-986e1e011f67]" java.lang.UnsatisfiedLinkError: org.apache.hadoop.io.nativeio.NativeIO$Windows.access0(Ljava/lang/String;I)Z
	at org.apache.hadoop.io.nativeio.NativeIO$Windows.access0(Native Method)
	at org.apache.hadoop.io.nativeio.NativeIO$Windows.access(NativeIO.java:793)
	at org.apache.hadoop.fs.FileUtil.canRead(FileUtil.java:1249)
	at org.apache.hadoop.fs.FileUtil.list(FileUtil.java:1454)
	at org.apache.hadoop.fs.RawLocalFileSystem.listStatus(RawLocalFileSystem.java:601)
	at org.apache.hadoop.fs.DelegateToFileSystem.listStatus(DelegateToFileSystem.java:177)
	at org.apache.hadoop.fs.ChecksumFs.listStatus(ChecksumFs.java:548)
	at org.apache.hadoop.fs.FileContext$Util$1.next(FileContext.java:1915)
	at org.apache.hadoop.fs.FileContext$Util$1.next(FileContext.java:1911)
	at org.apache.hadoop.fs.FSLinkResolver.resolve(FSLinkResolver.java:90)
	at org.apache.hadoop.fs.FileContext$Util.listStatus(FileContext.java:1917)
	at org.apache.hadoop.fs.FileContext$Util.listStatus(FileContext.java:1876)
	at org.apache.hadoop.fs.FileContext$Util.listStatus(FileContext.java:1835)
	at org.apache.spark.sql.execution.streaming.AbstractFileContextBasedCheckpointFileManager.list(CheckpointFileManager.scala:315)
	at org.apache.spark.sql.execution.streaming.HDFSMetadataLog.listBatches(HDFSMetadataLog.scala:327)
	at org.apache.spark.sql.execution.streaming.HDFSMetadataLog.getLatest(HDFSMetadataLog.scala:265)
	at org.apache.spark.sql.execution.streaming.MicroBatchExecution.$anonfun$runActivatedStream$2(MicroBatchExecution.scala:253)
	at scala.runtime.java8.JFunction0$mcV$sp.apply(JFunction0$mcV$sp.java:23)
	at org.apache.spark.sql.execution.streaming.ProgressReporter.reportTimeTaken(ProgressReporter.scala:427)
	at org.apache.spark.sql.execution.streaming.ProgressReporter.reportTimeTaken$(ProgressReporter.scala:425)
	at org.apache.spark.sql.execution.streaming.StreamExecution.reportTimeTaken(StreamExecution.scala:67)
	at org.apache.spark.sql.execution.streaming.MicroBatchExecution.$anonfun$runActivatedStream$1(MicroBatchExecution.scala:249)
	at org.apache.spark.sql.execution.streaming.ProcessingTimeExecutor.execute(TriggerExecutor.scala:67)
	at org.apache.spark.sql.execution.streaming.MicroBatchExecution.runActivatedStream(MicroBatchExecution.scala:239)
	at org.apache.spark.sql.execution.streaming.StreamExecution.$anonfun$runStream$1(StreamExecution.scala:311)
	at scala.runtime.java8.JFunction0$mcV$sp.apply(JFunction0$mcV$sp.java:23)
	at org.apache.spark.sql.SparkSession.withActive(SparkSession.scala:900)
	at org.apache.spark.sql.execution.streaming.StreamExecution.org$apache$spark$sql$execution$streaming$StreamExecution$$runStream(StreamExecution.scala:289)
	at org.apache.spark.sql.execution.streaming.StreamExecution$$anon$1.$anonfun$run$1(StreamExecution.scala:211)
	at scala.runtime.java8.JFunction0$mcV$sp.apply(JFunction0$mcV$sp.java:23)
	at org.apache.spark.JobArtifactSet$.withActiveJobArtifactState(JobArtifactSet.scala:94)
	at org.apache.spark.sql.execution.streaming.StreamExecution$$anon$1.run(StreamExecution.scala:211)
2026-04-06 20:06:50,950 [ERROR] Consumer failed to start or run: [STREAM_FAILED] Query [id = 8f84b869-bef8-4b59-bca7-9b6a2f08e58d, runId = 542be204-2bc0-4d22-b657-986e1e011f67] terminated with exception: org.apache.hadoop.io.nativeio.NativeIO$Windows.access0(Ljava/lang/String;I)Z
Traceback (most recent call last):
  File "D:\GitProject\public_api_consumer.py", line 214, in main
    start_stream(spark)
  File "D:\GitProject\public_api_consumer.py", line 200, in start_stream
    spark.streams.awaitAnyTermination()
  File "C:\Users\HP\AppData\Local\Packages\PythonSoftwareFoundation.Python.3.12_qbz5n2kfra8p0\LocalCache\local-packages\Python312\site-packages\pyspark\sql\streaming\query.py", line 596, in awaitAnyTermination
    return self._jsqm.awaitAnyTermination()
           ^^^^^^^^^^^^^^^^^^^^^^^^^^^^^^^^
  File "C:\Users\HP\AppData\Local\Packages\PythonSoftwareFoundation.Python.3.12_qbz5n2kfra8p0\LocalCache\local-packages\Python312\site-packages\py4j\java_gateway.py", line 1322, in __call__
    return_value = get_return_value(
                   ^^^^^^^^^^^^^^^^^
  File "C:\Users\HP\AppData\Local\Packages\PythonSoftwareFoundation.Python.3.12_qbz5n2kfra8p0\LocalCache\local-packages\Python312\site-packages\pyspark\errors\exceptions\captured.py", line 185, in deco
    raise converted from None
pyspark.errors.exceptions.captured.StreamingQueryException: [STREAM_FAILED] Query [id = 8f84b869-bef8-4b59-bca7-9b6a2f08e58d, runId = 542be204-2bc0-4d22-b657-986e1e011f67] terminated with exception: org.apache.hadoop.io.nativeio.NativeIO$Windows.access0(Ljava/lang/String;I)Z
2026-04-06 20:06:51,223 [INFO] Spark session stopped.
2026-04-06 20:06:51,254 [INFO] Closing down clientserver connection
26/04/06 20:06:51 ERROR ShutdownHookManager: Exception while deleting Spark temp dir: C:\Users\HP\AppData\Local\Temp\spark-904c39ff-4340-4f50-96c9-13c0c132b3ff\pyspark-0446878b-b553-40e0-ac3d-3654124ee2fe
java.nio.file.NoSuchFileException: C:\Users\HP\AppData\Local\Temp\spark-904c39ff-4340-4f50-96c9-13c0c132b3ff\pyspark-0446878b-b553-40e0-ac3d-3654124ee2fe
	at sun.nio.fs.WindowsException.translateToIOException(Unknown Source)
	at sun.nio.fs.WindowsException.rethrowAsIOException(Unknown Source)
	at sun.nio.fs.WindowsException.rethrowAsIOException(Unknown Source)
	at sun.nio.fs.WindowsFileAttributeViews$Basic.readAttributes(Unknown Source)
	at sun.nio.fs.WindowsFileAttributeViews$Basic.readAttributes(Unknown Source)
	at sun.nio.fs.WindowsFileSystemProvider.readAttributes(Unknown Source)
	at java.nio.file.Files.readAttributes(Unknown Source)
	at org.apache.spark.network.util.JavaUtils.deleteRecursivelyUsingJavaIO(JavaUtils.java:124)
	at org.apache.spark.network.util.JavaUtils.deleteRecursively(JavaUtils.java:117)
	at org.apache.spark.network.util.JavaUtils.deleteRecursively(JavaUtils.java:90)
	at org.apache.spark.util.SparkFileUtils.deleteRecursively(SparkFileUtils.scala:121)
	at org.apache.spark.util.SparkFileUtils.deleteRecursively$(SparkFileUtils.scala:120)
	at org.apache.spark.util.Utils$.deleteRecursively(Utils.scala:1126)
	at org.apache.spark.util.ShutdownHookManager$.$anonfun$new$4(ShutdownHookManager.scala:65)
	at org.apache.spark.util.ShutdownHookManager$.$anonfun$new$4$adapted(ShutdownHookManager.scala:62)
	at scala.collection.IndexedSeqOptimized.foreach(IndexedSeqOptimized.scala:36)
	at scala.collection.IndexedSeqOptimized.foreach$(IndexedSeqOptimized.scala:33)
	at scala.collection.mutable.ArrayOps$ofRef.foreach(ArrayOps.scala:198)
	at org.apache.spark.util.ShutdownHookManager$.$anonfun$new$2(ShutdownHookManager.scala:62)
	at org.apache.spark.util.SparkShutdownHook.run(ShutdownHookManager.scala:214)
	at org.apache.spark.util.SparkShutdownHookManager.$anonfun$runAll$2(ShutdownHookManager.scala:188)
	at scala.runtime.java8.JFunction0$mcV$sp.apply(JFunction0$mcV$sp.java:23)
	at org.apache.spark.util.Utils$.logUncaughtExceptions(Utils.scala:1928)
	at org.apache.spark.util.SparkShutdownHookManager.$anonfun$runAll$1(ShutdownHookManager.scala:188)
	at scala.runtime.java8.JFunction0$mcV$sp.apply(JFunction0$mcV$sp.java:23)
	at scala.util.Try$.apply(Try.scala:213)
	at org.apache.spark.util.SparkShutdownHookManager.runAll(ShutdownHookManager.scala:188)
	at org.apache.spark.util.SparkShutdownHookManager$$anon$2.run(ShutdownHookManager.scala:178)
	at java.util.concurrent.Executors$RunnableAdapter.call(Unknown Source)
	at java.util.concurrent.FutureTask.run(Unknown Source)
	at java.util.concurrent.ThreadPoolExecutor.runWorker(Unknown Source)
	at java.util.concurrent.ThreadPoolExecutor$Worker.run(Unknown Source)
	at java.lang.Thread.run(Unknown Source)
SUCCESS: The process with PID 20796 (child process of PID 1908) has been terminated.
SUCCESS: The process with PID 1908 (child process of PID 7812) has been terminated.
SUCCESS: The process with PID 7812 (child process of PID 9840) has been terminated.
