2026-04-06 20:06:14,982 [INFO] <BrokerConnection node_id=bootstrap-0 host=host.docker.internal:9092 <connecting> [IPv4 ('192.168.1.76', 9092)]>: connecting to host.docker.internal:9092 [('192.168.1.76', 9092) IPv4]
2026-04-06 20:06:14,985 [INFO] Probing node bootstrap-0 broker version
2026-04-06 20:06:14,986 [INFO] <BrokerConnection node_id=bootstrap-0 host=host.docker.internal:9092 <connecting> [IPv4 ('192.168.1.76', 9092)]>: Connection complete.
2026-04-06 20:06:15,095 [INFO] Broker version identified as 2.6.0
2026-04-06 20:06:15,095 [INFO] Set configuration api_version=(2, 6, 0) to skip auto check_version requests on startup
2026-04-06 20:06:15,098 [INFO] Kafka producer connected to host.docker.internal:9092 and publishing to topic 'public_api_records'.
2026-04-06 20:06:15,100 [INFO] Fetching records from https://jsonplaceholder.typicode.com/todos every 5 seconds.
2026-04-06 20:06:15,774 [INFO] <BrokerConnection node_id=1 host=host.docker.internal:9092 <connecting> [IPv4 ('192.168.1.76', 9092)]>: connecting to host.docker.internal:9092 [('192.168.1.76', 9092) IPv4]
2026-04-06 20:06:15,775 [INFO] <BrokerConnection node_id=1 host=host.docker.internal:9092 <connecting> [IPv4 ('192.168.1.76', 9092)]>: Connection complete.
2026-04-06 20:06:15,776 [INFO] <BrokerConnection node_id=bootstrap-0 host=host.docker.internal:9092 <connected> [IPv4 ('192.168.1.76', 9092)]>: Closing connection. 
2026-04-06 20:06:15,839 [INFO] Sent API record to topic=public_api_records partition=0 offset=7 payload={'fetched_at': '2026-04-06T14:36:15.770128+00:00', 'source': 'jsonplaceholder', 'record_id': 197, 'user_id': 10, 'title': 'dignissimos quo nobis earum saepe', 'completed': True}
2026-04-06 20:06:21,605 [INFO] Sent API record to topic=public_api_records partition=0 offset=9 payload={'fetched_at': '2026-04-06T14:36:21.547530+00:00', 'source': 'jsonplaceholder', 'record_id': 137, 'user_id': 7, 'title': 'qui sit non', 'completed': False}
2026-04-06 20:06:27,342 [INFO] Sent API record to topic=public_api_records partition=0 offset=11 payload={'fetched_at': '2026-04-06T14:36:27.273436+00:00', 'source': 'jsonplaceholder', 'record_id': 35, 'user_id': 2, 'title': 'repellendus veritatis molestias dicta incidunt', 'completed': True}
2026-04-06 20:06:33,079 [INFO] Sent API record to topic=public_api_records partition=0 offset=13 payload={'fetched_at': '2026-04-06T14:36:33.012476+00:00', 'source': 'jsonplaceholder', 'record_id': 114, 'user_id': 6, 'title': 'cupiditate quos possimus corporis quisquam exercitationem beatae', 'completed': False}
2026-04-06 20:06:39,019 [INFO] Sent API record to topic=public_api_records partition=0 offset=15 payload={'fetched_at': '2026-04-06T14:36:38.957618+00:00', 'source': 'jsonplaceholder', 'record_id': 126, 'user_id': 7, 'title': 'ut asperiores perspiciatis veniam ipsum rerum saepe', 'completed': True}
2026-04-06 20:06:44,773 [INFO] Sent API record to topic=public_api_records partition=0 offset=17 payload={'fetched_at': '2026-04-06T14:36:44.705667+00:00', 'source': 'jsonplaceholder', 'record_id': 146, 'user_id': 8, 'title': 'molestiae suscipit ratione nihil odio libero impedit vero totam', 'completed': True}
2026-04-06 20:06:50,499 [INFO] Sent API record to topic=public_api_records partition=0 offset=19 payload={'fetched_at': '2026-04-06T14:36:50.440922+00:00', 'source': 'jsonplaceholder', 'record_id': 130, 'user_id': 7, 'title': 'nulla aliquid eveniet harum laborum libero alias ut unde', 'completed': True}
2026-04-06 20:06:56,251 [INFO] Sent API record to topic=public_api_records partition=0 offset=21 payload={'fetched_at': '2026-04-06T14:36:56.191270+00:00', 'source': 'jsonplaceholder', 'record_id': 54, 'user_id': 3, 'title': 'quis et est ut voluptate quam dolor', 'completed': True}
2026-04-06 20:07:01,694 [INFO] Sent API record to topic=public_api_records partition=0 offset=23 payload={'fetched_at': '2026-04-06T14:37:01.629692+00:00', 'source': 'jsonplaceholder', 'record_id': 168, 'user_id': 9, 'title': 'recusandae quia qui sunt libero', 'completed': False}
2026-04-06 20:07:07,429 [INFO] Sent API record to topic=public_api_records partition=0 offset=25 payload={'fetched_at': '2026-04-06T14:37:07.360013+00:00', 'source': 'jsonplaceholder', 'record_id': 42, 'user_id': 3, 'title': 'rerum perferendis error quia ut eveniet', 'completed': False}
2026-04-06 20:07:13,178 [INFO] Sent API record to topic=public_api_records partition=0 offset=27 payload={'fetched_at': '2026-04-06T14:37:13.110364+00:00', 'source': 'jsonplaceholder', 'record_id': 164, 'user_id': 9, 'title': 'reprehenderit quos aut aut consequatur est sed', 'completed': False}
2026-04-06 20:07:18,607 [INFO] Sent API record to topic=public_api_records partition=0 offset=29 payload={'fetched_at': '2026-04-06T14:37:18.549185+00:00', 'source': 'jsonplaceholder', 'record_id': 150, 'user_id': 8, 'title': 'eos amet tempore laudantium fugit a', 'completed': False}
2026-04-06 20:07:24,345 [INFO] Sent API record to topic=public_api_records partition=0 offset=31 payload={'fetched_at': '2026-04-06T14:37:24.282650+00:00', 'source': 'jsonplaceholder', 'record_id': 115, 'user_id': 6, 'title': 'sed et ea eum', 'completed': False}
2026-04-06 20:07:30,062 [INFO] Sent API record to topic=public_api_records partition=0 offset=33 payload={'fetched_at': '2026-04-06T14:37:30.001650+00:00', 'source': 'jsonplaceholder', 'record_id': 73, 'user_id': 4, 'title': 'sint amet quia totam corporis qui exercitationem commodi', 'completed': True}
2026-04-06 20:07:35,918 [INFO] Sent API record to topic=public_api_records partition=0 offset=35 payload={'fetched_at': '2026-04-06T14:37:35.851741+00:00', 'source': 'jsonplaceholder', 'record_id': 77, 'user_id': 4, 'title': 'maiores aut nesciunt delectus exercitationem vel assumenda eligendi at', 'completed': False}
2026-04-06 20:07:41,657 [INFO] Sent API record to topic=public_api_records partition=0 offset=37 payload={'fetched_at': '2026-04-06T14:37:41.601198+00:00', 'source': 'jsonplaceholder', 'record_id': 70, 'user_id': 4, 'title': 'ut sequi accusantium et mollitia delectus sunt', 'completed': False}
2026-04-06 20:07:47,411 [INFO] Sent API record to topic=public_api_records partition=0 offset=39 payload={'fetched_at': '2026-04-06T14:37:47.349707+00:00', 'source': 'jsonplaceholder', 'record_id': 109, 'user_id': 6, 'title': 'autem temporibus harum quisquam in culpa', 'completed': True}
2026-04-06 20:07:52,888 [INFO] Sent API record to topic=public_api_records partition=0 offset=41 payload={'fetched_at': '2026-04-06T14:37:52.813779+00:00', 'source': 'jsonplaceholder', 'record_id': 2, 'user_id': 1, 'title': 'quis ut nam facilis et officia qui', 'completed': False}
2026-04-06 20:07:58,652 [INFO] Sent API record to topic=public_api_records partition=0 offset=43 payload={'fetched_at': '2026-04-06T14:37:58.582282+00:00', 'source': 'jsonplaceholder', 'record_id': 160, 'user_id': 8, 'title': 'et praesentium aliquam est', 'completed': False}
2026-04-06 20:08:04,389 [INFO] Sent API record to topic=public_api_records partition=0 offset=45 payload={'fetched_at': '2026-04-06T14:38:04.320499+00:00', 'source': 'jsonplaceholder', 'record_id': 113, 'user_id': 6, 'title': 'quia atque aliquam sunt impedit voluptatum rerum assumenda nisi', 'completed': False}
2026-04-06 20:08:09,841 [INFO] Sent API record to topic=public_api_records partition=0 offset=47 payload={'fetched_at': '2026-04-06T14:38:09.772275+00:00', 'source': 'jsonplaceholder', 'record_id': 168, 'user_id': 9, 'title': 'recusandae quia qui sunt libero', 'completed': False}
2026-04-06 20:08:15,586 [INFO] Sent API record to topic=public_api_records partition=0 offset=49 payload={'fetched_at': '2026-04-06T14:38:15.519353+00:00', 'source': 'jsonplaceholder', 'record_id': 27, 'user_id': 2, 'title': 'veritatis pariatur delectus', 'completed': True}
2026-04-06 20:08:21,048 [INFO] Sent API record to topic=public_api_records partition=0 offset=51 payload={'fetched_at': '2026-04-06T14:38:20.986317+00:00', 'source': 'jsonplaceholder', 'record_id': 185, 'user_id': 10, 'title': 'voluptates dignissimos sed doloribus animi quaerat aut', 'completed': False}
2026-04-06 20:08:26,518 [INFO] Sent API record to topic=public_api_records partition=0 offset=53 payload={'fetched_at': '2026-04-06T14:38:26.446711+00:00', 'source': 'jsonplaceholder', 'record_id': 145, 'user_id': 8, 'title': 'beatae qui ullam incidunt voluptatem non nisi aliquam', 'completed': False}
2026-04-06 20:08:31,966 [INFO] Sent API record to topic=public_api_records partition=0 offset=55 payload={'fetched_at': '2026-04-06T14:38:31.905677+00:00', 'source': 'jsonplaceholder', 'record_id': 155, 'user_id': 8, 'title': 'voluptatem nobis consequatur et assumenda magnam', 'completed': True}
2026-04-06 20:08:37,421 [INFO] Sent API record to topic=public_api_records partition=0 offset=57 payload={'fetched_at': '2026-04-06T14:38:37.354366+00:00', 'source': 'jsonplaceholder', 'record_id': 155, 'user_id': 8, 'title': 'voluptatem nobis consequatur et assumenda magnam', 'completed': True}
2026-04-06 20:08:42,863 [INFO] Sent API record to topic=public_api_records partition=0 offset=59 payload={'fetched_at': '2026-04-06T14:38:42.796057+00:00', 'source': 'jsonplaceholder', 'record_id': 168, 'user_id': 9, 'title': 'recusandae quia qui sunt libero', 'completed': False}
2026-04-06 20:08:48,831 [INFO] Sent API record to topic=public_api_records partition=0 offset=61 payload={'fetched_at': '2026-04-06T14:38:48.766572+00:00', 'source': 'jsonplaceholder', 'record_id': 55, 'user_id': 3, 'title': 'voluptatum omnis minima qui occaecati provident nulla voluptatem ratione', 'completed': True}
2026-04-06 20:08:54,370 [INFO] Sent API record to topic=public_api_records partition=0 offset=63 payload={'fetched_at': '2026-04-06T14:38:54.292591+00:00', 'source': 'jsonplaceholder', 'record_id': 196, 'user_id': 10, 'title': 'consequuntur aut ut fugit similique', 'completed': True}
2026-04-06 20:08:59,832 [INFO] Sent API record to topic=public_api_records partition=0 offset=65 payload={'fetched_at': '2026-04-06T14:38:59.760449+00:00', 'source': 'jsonplaceholder', 'record_id': 53, 'user_id': 3, 'title': 'qui labore est occaecati recusandae aliquid quam', 'completed': False}
2026-04-06 20:09:05,553 [INFO] Sent API record to topic=public_api_records partition=0 offset=67 payload={'fetched_at': '2026-04-06T14:39:05.485581+00:00', 'source': 'jsonplaceholder', 'record_id': 23, 'user_id': 2, 'title': 'et itaque necessitatibus maxime molestiae qui quas velit', 'completed': False}
2026-04-06 20:09:11,268 [INFO] Sent API record to topic=public_api_records partition=0 offset=69 payload={'fetched_at': '2026-04-06T14:39:11.213495+00:00', 'source': 'jsonplaceholder', 'record_id': 189, 'user_id': 10, 'title': 'culpa eius et voluptatem et', 'completed': True}
2026-04-06 20:09:17,029 [INFO] Sent API record to topic=public_api_records partition=0 offset=71 payload={'fetched_at': '2026-04-06T14:39:16.956157+00:00', 'source': 'jsonplaceholder', 'record_id': 166, 'user_id': 9, 'title': 'quos quo possimus suscipit minima ut', 'completed': False}
2026-04-06 20:09:22,785 [INFO] Sent API record to topic=public_api_records partition=0 offset=73 payload={'fetched_at': '2026-04-06T14:39:22.719334+00:00', 'source': 'jsonplaceholder', 'record_id': 11, 'user_id': 1, 'title': 'vero rerum temporibus dolor', 'completed': True}
2026-04-06 20:09:28,222 [INFO] Sent API record to topic=public_api_records partition=0 offset=75 payload={'fetched_at': '2026-04-06T14:39:28.156830+00:00', 'source': 'jsonplaceholder', 'record_id': 136, 'user_id': 7, 'title': 'asperiores illo tempora fuga sed ut quasi adipisci', 'completed': False}
2026-04-06 20:09:33,955 [INFO] Sent API record to topic=public_api_records partition=0 offset=77 payload={'fetched_at': '2026-04-06T14:39:33.897411+00:00', 'source': 'jsonplaceholder', 'record_id': 162, 'user_id': 9, 'title': 'omnis laboriosam molestias animi sunt dolore', 'completed': True}
2026-04-06 20:09:39,490 [INFO] Sent API record to topic=public_api_records partition=0 offset=79 payload={'fetched_at': '2026-04-06T14:39:39.428536+00:00', 'source': 'jsonplaceholder', 'record_id': 21, 'user_id': 2, 'title': 'suscipit repellat esse quibusdam voluptatem incidunt', 'completed': False}
2026-04-06 20:09:44,926 [INFO] Sent API record to topic=public_api_records partition=0 offset=81 payload={'fetched_at': '2026-04-06T14:39:44.862644+00:00', 'source': 'jsonplaceholder', 'record_id': 39, 'user_id': 2, 'title': 'doloremque quibusdam asperiores libero corrupti illum qui omnis', 'completed': False}
2026-04-06 20:09:50,683 [INFO] Sent API record to topic=public_api_records partition=0 offset=83 payload={'fetched_at': '2026-04-06T14:39:50.616938+00:00', 'source': 'jsonplaceholder', 'record_id': 36, 'user_id': 2, 'title': 'excepturi deleniti adipisci voluptatem et neque optio illum ad', 'completed': True}
2026-04-06 20:09:56,253 [INFO] Sent API record to topic=public_api_records partition=0 offset=85 payload={'fetched_at': '2026-04-06T14:39:56.177492+00:00', 'source': 'jsonplaceholder', 'record_id': 127, 'user_id': 7, 'title': 'voluptatem libero consectetur rerum ut', 'completed': True}
2026-04-06 20:10:01,978 [INFO] Sent API record to topic=public_api_records partition=0 offset=87 payload={'fetched_at': '2026-04-06T14:40:01.916969+00:00', 'source': 'jsonplaceholder', 'record_id': 83, 'user_id': 5, 'title': 'quidem at rerum quis ex aut sit quam', 'completed': True}
2026-04-06 20:10:07,814 [INFO] Sent API record to topic=public_api_records partition=0 offset=89 payload={'fetched_at': '2026-04-06T14:40:07.750806+00:00', 'source': 'jsonplaceholder', 'record_id': 41, 'user_id': 3, 'title': 'aliquid amet impedit consequatur aspernatur placeat eaque fugiat suscipit', 'completed': False}
2026-04-06 20:10:13,244 [INFO] Sent API record to topic=public_api_records partition=0 offset=91 payload={'fetched_at': '2026-04-06T14:40:13.182709+00:00', 'source': 'jsonplaceholder', 'record_id': 69, 'user_id': 4, 'title': 'doloribus sint dolorum ab adipisci itaque dignissimos aliquam suscipit', 'completed': False}
2026-04-06 20:10:18,676 [INFO] Sent API record to topic=public_api_records partition=0 offset=93 payload={'fetched_at': '2026-04-06T14:40:18.609921+00:00', 'source': 'jsonplaceholder', 'record_id': 120, 'user_id': 6, 'title': 'dolorem laboriosam vel voluptas et aliquam quasi', 'completed': False}
2026-04-06 20:10:24,418 [INFO] Sent API record to topic=public_api_records partition=0 offset=95 payload={'fetched_at': '2026-04-06T14:40:24.350575+00:00', 'source': 'jsonplaceholder', 'record_id': 28, 'user_id': 2, 'title': 'nesciunt totam sit blanditiis sit', 'completed': False}
2026-04-06 20:10:29,866 [INFO] Sent API record to topic=public_api_records partition=0 offset=97 payload={'fetched_at': '2026-04-06T14:40:29.801314+00:00', 'source': 'jsonplaceholder', 'record_id': 96, 'user_id': 5, 'title': 'nobis suscipit ducimus enim asperiores voluptas', 'completed': False}
2026-04-06 20:10:35,586 [INFO] Sent API record to topic=public_api_records partition=0 offset=99 payload={'fetched_at': '2026-04-06T14:40:35.527944+00:00', 'source': 'jsonplaceholder', 'record_id': 51, 'user_id': 3, 'title': 'distinctio exercitationem ab doloribus', 'completed': False}
2026-04-06 20:10:41,341 [INFO] Sent API record to topic=public_api_records partition=0 offset=101 payload={'fetched_at': '2026-04-06T14:40:41.280973+00:00', 'source': 'jsonplaceholder', 'record_id': 182, 'user_id': 10, 'title': 'inventore saepe cumque et aut illum enim', 'completed': True}
2026-04-06 20:10:47,089 [INFO] Sent API record to topic=public_api_records partition=0 offset=103 payload={'fetched_at': '2026-04-06T14:40:47.010325+00:00', 'source': 'jsonplaceholder', 'record_id': 34, 'user_id': 2, 'title': 'porro aut necessitatibus eaque distinctio', 'completed': False}
2026-04-06 20:10:53,118 [INFO] Sent API record to topic=public_api_records partition=0 offset=105 payload={'fetched_at': '2026-04-06T14:40:53.059837+00:00', 'source': 'jsonplaceholder', 'record_id': 47, 'user_id': 3, 'title': 'nam qui rerum fugiat accusamus', 'completed': False}
2026-04-06 20:10:58,861 [INFO] Sent API record to topic=public_api_records partition=0 offset=107 payload={'fetched_at': '2026-04-06T14:40:58.791117+00:00', 'source': 'jsonplaceholder', 'record_id': 65, 'user_id': 4, 'title': 'fugiat pariatur ratione ut asperiores necessitatibus magni', 'completed': False}
2026-04-06 20:11:04,304 [INFO] Sent API record to topic=public_api_records partition=0 offset=109 payload={'fetched_at': '2026-04-06T14:41:04.235744+00:00', 'source': 'jsonplaceholder', 'record_id': 1, 'user_id': 1, 'title': 'delectus aut autem', 'completed': False}
2026-04-06 20:11:09,743 [INFO] Sent API record to topic=public_api_records partition=0 offset=111 payload={'fetched_at': '2026-04-06T14:41:09.680093+00:00', 'source': 'jsonplaceholder', 'record_id': 164, 'user_id': 9, 'title': 'reprehenderit quos aut aut consequatur est sed', 'completed': False}
2026-04-06 20:11:15,185 [INFO] Sent API record to topic=public_api_records partition=0 offset=113 payload={'fetched_at': '2026-04-06T14:41:15.120304+00:00', 'source': 'jsonplaceholder', 'record_id': 190, 'user_id': 10, 'title': 'accusamus sint iusto et voluptatem exercitationem', 'completed': True}
2026-04-06 20:11:20,619 [INFO] Sent API record to topic=public_api_records partition=0 offset=115 payload={'fetched_at': '2026-04-06T14:41:20.561453+00:00', 'source': 'jsonplaceholder', 'record_id': 26, 'user_id': 2, 'title': 'aliquam aut quasi', 'completed': True}
2026-04-06 20:11:26,367 [INFO] Sent API record to topic=public_api_records partition=0 offset=117 payload={'fetched_at': '2026-04-06T14:41:26.301670+00:00', 'source': 'jsonplaceholder', 'record_id': 6, 'user_id': 1, 'title': 'qui ullam ratione quibusdam voluptatem quia omnis', 'completed': False}
2026-04-06 20:11:32,091 [INFO] Sent API record to topic=public_api_records partition=0 offset=119 payload={'fetched_at': '2026-04-06T14:41:32.032081+00:00', 'source': 'jsonplaceholder', 'record_id': 13, 'user_id': 1, 'title': 'et doloremque nulla', 'completed': False}
2026-04-06 20:11:37,532 [INFO] Sent API record to topic=public_api_records partition=0 offset=121 payload={'fetched_at': '2026-04-06T14:41:37.470335+00:00', 'source': 'jsonplaceholder', 'record_id': 136, 'user_id': 7, 'title': 'asperiores illo tempora fuga sed ut quasi adipisci', 'completed': False}
2026-04-06 20:11:42,989 [INFO] Sent API record to topic=public_api_records partition=0 offset=123 payload={'fetched_at': '2026-04-06T14:41:42.925995+00:00', 'source': 'jsonplaceholder', 'record_id': 42, 'user_id': 3, 'title': 'rerum perferendis error quia ut eveniet', 'completed': False}
2026-04-06 20:11:48,468 [INFO] Sent API record to topic=public_api_records partition=0 offset=125 payload={'fetched_at': '2026-04-06T14:41:48.397004+00:00', 'source': 'jsonplaceholder', 'record_id': 58, 'user_id': 3, 'title': 'est dicta totam qui explicabo doloribus qui dignissimos', 'completed': False}
2026-04-06 20:11:54,203 [INFO] Sent API record to topic=public_api_records partition=0 offset=127 payload={'fetched_at': '2026-04-06T14:41:54.146369+00:00', 'source': 'jsonplaceholder', 'record_id': 91, 'user_id': 5, 'title': 'nulla quis consequatur saepe qui id expedita', 'completed': True}
2026-04-06 20:11:59,659 [INFO] Sent API record to topic=public_api_records partition=0 offset=129 payload={'fetched_at': '2026-04-06T14:41:59.596891+00:00', 'source': 'jsonplaceholder', 'record_id': 35, 'user_id': 2, 'title': 'repellendus veritatis molestias dicta incidunt', 'completed': True}
2026-04-06 20:12:05,402 [INFO] Sent API record to topic=public_api_records partition=0 offset=131 payload={'fetched_at': '2026-04-06T14:42:05.335277+00:00', 'source': 'jsonplaceholder', 'record_id': 82, 'user_id': 5, 'title': 'voluptates eum voluptas et dicta', 'completed': False}
2026-04-06 20:12:10,846 [INFO] Sent API record to topic=public_api_records partition=0 offset=133 payload={'fetched_at': '2026-04-06T14:42:10.775136+00:00', 'source': 'jsonplaceholder', 'record_id': 6, 'user_id': 1, 'title': 'qui ullam ratione quibusdam voluptatem quia omnis', 'completed': False}
2026-04-06 20:12:16,573 [INFO] Sent API record to topic=public_api_records partition=0 offset=135 payload={'fetched_at': '2026-04-06T14:42:16.504689+00:00', 'source': 'jsonplaceholder', 'record_id': 57, 'user_id': 3, 'title': 'pariatur et magnam ea doloribus similique voluptatem rerum quia', 'completed': False}
2026-04-06 20:12:22,118 [INFO] Sent API record to topic=public_api_records partition=0 offset=137 payload={'fetched_at': '2026-04-06T14:42:22.054329+00:00', 'source': 'jsonplaceholder', 'record_id': 135, 'user_id': 7, 'title': 'facere ipsa nam eum voluptates reiciendis vero qui', 'completed': False}
2026-04-06 20:12:27,555 [INFO] Sent API record to topic=public_api_records partition=0 offset=139 payload={'fetched_at': '2026-04-06T14:42:27.495757+00:00', 'source': 'jsonplaceholder', 'record_id': 141, 'user_id': 8, 'title': 'explicabo consectetur debitis voluptates quas quae culpa rerum non', 'completed': True}
2026-04-06 20:12:33,009 [INFO] Sent API record to topic=public_api_records partition=0 offset=141 payload={'fetched_at': '2026-04-06T14:42:32.952235+00:00', 'source': 'jsonplaceholder', 'record_id': 62, 'user_id': 4, 'title': 'et placeat et tempore aspernatur sint numquam', 'completed': False}
2026-04-06 20:12:39,024 [INFO] Sent API record to topic=public_api_records partition=0 offset=143 payload={'fetched_at': '2026-04-06T14:42:38.961565+00:00', 'source': 'jsonplaceholder', 'record_id': 198, 'user_id': 10, 'title': 'quis eius est sint explicabo', 'completed': True}
2026-04-06 20:12:44,471 [INFO] Sent API record to topic=public_api_records partition=0 offset=145 payload={'fetched_at': '2026-04-06T14:42:44.410153+00:00', 'source': 'jsonplaceholder', 'record_id': 161, 'user_id': 9, 'title': 'ex hic consequuntur earum omnis alias ut occaecati culpa', 'completed': True}
2026-04-06 20:12:50,190 [INFO] Sent API record to topic=public_api_records partition=0 offset=147 payload={'fetched_at': '2026-04-06T14:42:50.127453+00:00', 'source': 'jsonplaceholder', 'record_id': 61, 'user_id': 4, 'title': 'odit optio omnis qui sunt', 'completed': True}
2026-04-06 20:12:55,991 [INFO] Sent API record to topic=public_api_records partition=0 offset=149 payload={'fetched_at': '2026-04-06T14:42:55.931999+00:00', 'source': 'jsonplaceholder', 'record_id': 48, 'user_id': 3, 'title': 'sit reprehenderit omnis quia', 'completed': False}
2026-04-06 20:13:01,759 [INFO] Sent API record to topic=public_api_records partition=0 offset=151 payload={'fetched_at': '2026-04-06T14:43:01.700194+00:00', 'source': 'jsonplaceholder', 'record_id': 153, 'user_id': 8, 'title': 'ea aperiam consequatur qui repellat eos', 'completed': False}
2026-04-06 20:13:07,495 [INFO] Sent API record to topic=public_api_records partition=0 offset=153 payload={'fetched_at': '2026-04-06T14:43:07.434105+00:00', 'source': 'jsonplaceholder', 'record_id': 142, 'user_id': 8, 'title': 'maiores accusantium architecto necessitatibus reiciendis ea aut', 'completed': True}
2026-04-06 20:13:12,924 [INFO] Sent API record to topic=public_api_records partition=0 offset=155 payload={'fetched_at': '2026-04-06T14:43:12.869243+00:00', 'source': 'jsonplaceholder', 'record_id': 167, 'user_id': 9, 'title': 'et quis minus quo a asperiores molestiae', 'completed': False}
2026-04-06 20:13:18,373 [INFO] Sent API record to topic=public_api_records partition=0 offset=157 payload={'fetched_at': '2026-04-06T14:43:18.317483+00:00', 'source': 'jsonplaceholder', 'record_id': 87, 'user_id': 5, 'title': 'laudantium quae eligendi consequatur quia et vero autem', 'completed': True}
2026-04-06 20:13:24,295 [INFO] Sent API record to topic=public_api_records partition=0 offset=159 payload={'fetched_at': '2026-04-06T14:43:24.227617+00:00', 'source': 'jsonplaceholder', 'record_id': 15, 'user_id': 1, 'title': 'ab voluptatum amet voluptas', 'completed': True}
2026-04-06 20:13:32,158 [INFO] Sent API record to topic=public_api_records partition=0 offset=161 payload={'fetched_at': '2026-04-06T14:43:32.093735+00:00', 'source': 'jsonplaceholder', 'record_id': 123, 'user_id': 7, 'title': 'esse et quis iste est earum aut impedit', 'completed': False}
2026-04-06 20:13:37,592 [INFO] Sent API record to topic=public_api_records partition=0 offset=163 payload={'fetched_at': '2026-04-06T14:43:37.531323+00:00', 'source': 'jsonplaceholder', 'record_id': 23, 'user_id': 2, 'title': 'et itaque necessitatibus maxime molestiae qui quas velit', 'completed': False}
2026-04-06 20:13:43,334 [INFO] Sent API record to topic=public_api_records partition=0 offset=166 payload={'fetched_at': '2026-04-06T14:43:43.277224+00:00', 'source': 'jsonplaceholder', 'record_id': 118, 'user_id': 6, 'title': 'quia modi consequatur vero fugiat', 'completed': False}
2026-04-06 20:13:49,050 [INFO] Sent API record to topic=public_api_records partition=0 offset=168 payload={'fetched_at': '2026-04-06T14:43:48.992121+00:00', 'source': 'jsonplaceholder', 'record_id': 19, 'user_id': 1, 'title': 'molestiae ipsa aut voluptatibus pariatur dolor nihil', 'completed': True}
2026-04-06 20:13:54,485 [INFO] Sent API record to topic=public_api_records partition=0 offset=170 payload={'fetched_at': '2026-04-06T14:43:54.422719+00:00', 'source': 'jsonplaceholder', 'record_id': 48, 'user_id': 3, 'title': 'sit reprehenderit omnis quia', 'completed': False}
2026-04-06 20:14:00,239 [INFO] Sent API record to topic=public_api_records partition=0 offset=172 payload={'fetched_at': '2026-04-06T14:44:00.182976+00:00', 'source': 'jsonplaceholder', 'record_id': 154, 'user_id': 8, 'title': 'rerum non ex sapiente', 'completed': True}
2026-04-06 20:14:05,699 [INFO] Sent API record to topic=public_api_records partition=0 offset=174 payload={'fetched_at': '2026-04-06T14:44:05.632118+00:00', 'source': 'jsonplaceholder', 'record_id': 171, 'user_id': 9, 'title': 'fugiat aut voluptatibus corrupti deleniti velit iste odio', 'completed': True}
2026-04-06 20:14:11,125 [INFO] Sent API record to topic=public_api_records partition=0 offset=175 payload={'fetched_at': '2026-04-06T14:44:11.069632+00:00', 'source': 'jsonplaceholder', 'record_id': 103, 'user_id': 6, 'title': 'non sunt delectus illo nulla tenetur enim omnis', 'completed': False}
2026-04-06 20:14:16,585 [INFO] Sent API record to topic=public_api_records partition=0 offset=177 payload={'fetched_at': '2026-04-06T14:44:16.525361+00:00', 'source': 'jsonplaceholder', 'record_id': 29, 'user_id': 2, 'title': 'laborum aut in quam', 'completed': False}
2026-04-06 20:14:22,029 [INFO] Sent API record to topic=public_api_records partition=0 offset=179 payload={'fetched_at': '2026-04-06T14:44:21.967082+00:00', 'source': 'jsonplaceholder', 'record_id': 171, 'user_id': 9, 'title': 'fugiat aut voluptatibus corrupti deleniti velit iste odio', 'completed': True}
2026-04-06 20:14:27,761 [INFO] Sent API record to topic=public_api_records partition=0 offset=181 payload={'fetched_at': '2026-04-06T14:44:27.698823+00:00', 'source': 'jsonplaceholder', 'record_id': 157, 'user_id': 8, 'title': 'dolorem veniam quisquam deserunt repellendus', 'completed': True}
2026-04-06 20:14:33,200 [INFO] Sent API record to topic=public_api_records partition=0 offset=183 payload={'fetched_at': '2026-04-06T14:44:33.135436+00:00', 'source': 'jsonplaceholder', 'record_id': 34, 'user_id': 2, 'title': 'porro aut necessitatibus eaque distinctio', 'completed': False}
2026-04-06 20:14:38,646 [INFO] Sent API record to topic=public_api_records partition=0 offset=185 payload={'fetched_at': '2026-04-06T14:44:38.583623+00:00', 'source': 'jsonplaceholder', 'record_id': 96, 'user_id': 5, 'title': 'nobis suscipit ducimus enim asperiores voluptas', 'completed': False}
2026-04-06 20:14:44,088 [INFO] Sent API record to topic=public_api_records partition=0 offset=187 payload={'fetched_at': '2026-04-06T14:44:44.019425+00:00', 'source': 'jsonplaceholder', 'record_id': 5, 'user_id': 1, 'title': 'laboriosam mollitia et enim quasi adipisci quia provident illum', 'completed': False}
2026-04-06 20:14:49,527 [INFO] Sent API record to topic=public_api_records partition=0 offset=189 payload={'fetched_at': '2026-04-06T14:44:49.460340+00:00', 'source': 'jsonplaceholder', 'record_id': 74, 'user_id': 4, 'title': 'expedita tempore nobis eveniet laborum maiores', 'completed': False}
2026-04-06 20:14:55,078 [INFO] Sent API record to topic=public_api_records partition=0 offset=191 payload={'fetched_at': '2026-04-06T14:44:55.020758+00:00', 'source': 'jsonplaceholder', 'record_id': 187, 'user_id': 10, 'title': 'consequuntur animi possimus', 'completed': False}
2026-04-06 20:15:00,559 [INFO] Sent API record to topic=public_api_records partition=0 offset=193 payload={'fetched_at': '2026-04-06T14:45:00.495276+00:00', 'source': 'jsonplaceholder', 'record_id': 66, 'user_id': 4, 'title': 'rerum eum molestias autem voluptatum sit optio', 'completed': False}
2026-04-06 20:15:06,482 [INFO] Sent API record to topic=public_api_records partition=0 offset=195 payload={'fetched_at': '2026-04-06T14:45:06.417293+00:00', 'source': 'jsonplaceholder', 'record_id': 82, 'user_id': 5, 'title': 'voluptates eum voluptas et dicta', 'completed': False}
2026-04-06 20:15:11,917 [INFO] Sent API record to topic=public_api_records partition=0 offset=197 payload={'fetched_at': '2026-04-06T14:45:11.856901+00:00', 'source': 'jsonplaceholder', 'record_id': 1, 'user_id': 1, 'title': 'delectus aut autem', 'completed': False}
2026-04-06 20:15:17,659 [INFO] Sent API record to topic=public_api_records partition=0 offset=199 payload={'fetched_at': '2026-04-06T14:45:17.598042+00:00', 'source': 'jsonplaceholder', 'record_id': 179, 'user_id': 9, 'title': 'omnis consequuntur cupiditate impedit itaque ipsam quo', 'completed': True}
2026-04-06 20:15:23,114 [INFO] Sent API record to topic=public_api_records partition=0 offset=201 payload={'fetched_at': '2026-04-06T14:45:23.050148+00:00', 'source': 'jsonplaceholder', 'record_id': 5, 'user_id': 1, 'title': 'laboriosam mollitia et enim quasi adipisci quia provident illum', 'completed': False}
2026-04-06 20:15:28,678 [INFO] Sent API record to topic=public_api_records partition=0 offset=203 payload={'fetched_at': '2026-04-06T14:45:28.616379+00:00', 'source': 'jsonplaceholder', 'record_id': 16, 'user_id': 1, 'title': 'accusamus eos facilis sint et aut voluptatem', 'completed': True}
2026-04-06 20:15:34,214 [INFO] Sent API record to topic=public_api_records partition=0 offset=205 payload={'fetched_at': '2026-04-06T14:45:34.145358+00:00', 'source': 'jsonplaceholder', 'record_id': 48, 'user_id': 3, 'title': 'sit reprehenderit omnis quia', 'completed': False}
2026-04-06 20:15:39,934 [INFO] Sent API record to topic=public_api_records partition=0 offset=207 payload={'fetched_at': '2026-04-06T14:45:39.875939+00:00', 'source': 'jsonplaceholder', 'record_id': 37, 'user_id': 2, 'title': 'sunt cum tempora', 'completed': False}
2026-04-06 20:15:45,370 [INFO] Sent API record to topic=public_api_records partition=0 offset=209 payload={'fetched_at': '2026-04-06T14:45:45.312307+00:00', 'source': 'jsonplaceholder', 'record_id': 24, 'user_id': 2, 'title': 'adipisci non ad dicta qui amet quaerat doloribus ea', 'completed': False}
2026-04-06 20:15:50,798 [INFO] Sent API record to topic=public_api_records partition=0 offset=211 payload={'fetched_at': '2026-04-06T14:45:50.741907+00:00', 'source': 'jsonplaceholder', 'record_id': 24, 'user_id': 2, 'title': 'adipisci non ad dicta qui amet quaerat doloribus ea', 'completed': False}
2026-04-06 20:15:56,283 [INFO] Sent API record to topic=public_api_records partition=0 offset=213 payload={'fetched_at': '2026-04-06T14:45:56.223025+00:00', 'source': 'jsonplaceholder', 'record_id': 13, 'user_id': 1, 'title': 'et doloremque nulla', 'completed': False}
2026-04-06 20:16:01,903 [INFO] Sent API record to topic=public_api_records partition=0 offset=215 payload={'fetched_at': '2026-04-06T14:46:01.843967+00:00', 'source': 'jsonplaceholder', 'record_id': 106, 'user_id': 6, 'title': 'ad illo quis voluptatem temporibus', 'completed': True}
2026-04-06 20:16:07,341 [INFO] Sent API record to topic=public_api_records partition=0 offset=217 payload={'fetched_at': '2026-04-06T14:46:07.270977+00:00', 'source': 'jsonplaceholder', 'record_id': 24, 'user_id': 2, 'title': 'adipisci non ad dicta qui amet quaerat doloribus ea', 'completed': False}
2026-04-06 20:16:13,105 [INFO] Sent API record to topic=public_api_records partition=0 offset=219 payload={'fetched_at': '2026-04-06T14:46:13.041894+00:00', 'source': 'jsonplaceholder', 'record_id': 156, 'user_id': 8, 'title': 'nam quia quia nulla repellat assumenda quibusdam sit nobis', 'completed': True}
2026-04-06 20:16:18,538 [INFO] Sent API record to topic=public_api_records partition=0 offset=221 payload={'fetched_at': '2026-04-06T14:46:18.476419+00:00', 'source': 'jsonplaceholder', 'record_id': 23, 'user_id': 2, 'title': 'et itaque necessitatibus maxime molestiae qui quas velit', 'completed': False}
2026-04-06 20:16:23,974 [INFO] Sent API record to topic=public_api_records partition=0 offset=223 payload={'fetched_at': '2026-04-06T14:46:23.911423+00:00', 'source': 'jsonplaceholder', 'record_id': 59, 'user_id': 3, 'title': 'perspiciatis velit id laborum placeat iusto et aliquam odio', 'completed': False}
2026-04-06 20:16:29,431 [INFO] Sent API record to topic=public_api_records partition=0 offset=225 payload={'fetched_at': '2026-04-06T14:46:29.375687+00:00', 'source': 'jsonplaceholder', 'record_id': 119, 'user_id': 6, 'title': 'corporis ducimus ea perspiciatis iste', 'completed': False}
2026-04-06 20:16:36,187 [INFO] Sent API record to topic=public_api_records partition=0 offset=227 payload={'fetched_at': '2026-04-06T14:46:36.129580+00:00', 'source': 'jsonplaceholder', 'record_id': 192, 'user_id': 10, 'title': 'ut quas possimus exercitationem sint voluptates', 'completed': False}
2026-04-06 20:16:44,241 [INFO] Sent API record to topic=public_api_records partition=0 offset=229 payload={'fetched_at': '2026-04-06T14:46:44.176403+00:00', 'source': 'jsonplaceholder', 'record_id': 101, 'user_id': 6, 'title': 'explicabo enim cumque porro aperiam occaecati minima', 'completed': False}
2026-04-06 20:16:49,678 [INFO] Sent API record to topic=public_api_records partition=0 offset=231 payload={'fetched_at': '2026-04-06T14:46:49.610364+00:00', 'source': 'jsonplaceholder', 'record_id': 24, 'user_id': 2, 'title': 'adipisci non ad dicta qui amet quaerat doloribus ea', 'completed': False}
2026-04-06 20:16:55,114 [INFO] Sent API record to topic=public_api_records partition=0 offset=233 payload={'fetched_at': '2026-04-06T14:46:55.052309+00:00', 'source': 'jsonplaceholder', 'record_id': 160, 'user_id': 8, 'title': 'et praesentium aliquam est', 'completed': False}
2026-04-06 20:17:00,868 [INFO] Sent API record to topic=public_api_records partition=0 offset=235 payload={'fetched_at': '2026-04-06T14:47:00.810846+00:00', 'source': 'jsonplaceholder', 'record_id': 86, 'user_id': 5, 'title': 'incidunt ut saepe autem', 'completed': True}
2026-04-06 20:17:06,332 [INFO] Sent API record to topic=public_api_records partition=0 offset=237 payload={'fetched_at': '2026-04-06T14:47:06.262068+00:00', 'source': 'jsonplaceholder', 'record_id': 10, 'user_id': 1, 'title': 'illo est ratione doloremque quia maiores aut', 'completed': True}
2026-04-06 20:17:11,781 [INFO] Sent API record to topic=public_api_records partition=0 offset=239 payload={'fetched_at': '2026-04-06T14:47:11.712701+00:00', 'source': 'jsonplaceholder', 'record_id': 113, 'user_id': 6, 'title': 'quia atque aliquam sunt impedit voluptatum rerum assumenda nisi', 'completed': False}
2026-04-06 20:17:17,208 [INFO] Sent API record to topic=public_api_records partition=0 offset=241 payload={'fetched_at': '2026-04-06T14:47:17.152633+00:00', 'source': 'jsonplaceholder', 'record_id': 175, 'user_id': 9, 'title': 'laudantium eius officia perferendis provident perspiciatis asperiores', 'completed': True}
2026-04-06 20:17:22,993 [INFO] Sent API record to topic=public_api_records partition=0 offset=243 payload={'fetched_at': '2026-04-06T14:47:22.934801+00:00', 'source': 'jsonplaceholder', 'record_id': 111, 'user_id': 6, 'title': 'magni accusantium labore et id quis provident', 'completed': False}
2026-04-06 20:17:28,716 [INFO] Sent API record to topic=public_api_records partition=0 offset=245 payload={'fetched_at': '2026-04-06T14:47:28.651661+00:00', 'source': 'jsonplaceholder', 'record_id': 58, 'user_id': 3, 'title': 'est dicta totam qui explicabo doloribus qui dignissimos', 'completed': False}
2026-04-06 20:17:34,187 [INFO] Sent API record to topic=public_api_records partition=0 offset=247 payload={'fetched_at': '2026-04-06T14:47:34.129148+00:00', 'source': 'jsonplaceholder', 'record_id': 115, 'user_id': 6, 'title': 'sed et ea eum', 'completed': False}
2026-04-06 20:17:39,843 [INFO] Sent API record to topic=public_api_records partition=0 offset=249 payload={'fetched_at': '2026-04-06T14:47:39.772058+00:00', 'source': 'jsonplaceholder', 'record_id': 112, 'user_id': 6, 'title': 'consectetur impedit quisquam qui deserunt non rerum consequuntur eius', 'completed': False}
2026-04-06 20:17:45,832 [INFO] Sent API record to topic=public_api_records partition=0 offset=251 payload={'fetched_at': '2026-04-06T14:47:45.769795+00:00', 'source': 'jsonplaceholder', 'record_id': 25, 'user_id': 2, 'title': 'voluptas quo tenetur perspiciatis explicabo natus', 'completed': True}
2026-04-06 20:17:51,302 [INFO] Sent API record to topic=public_api_records partition=0 offset=253 payload={'fetched_at': '2026-04-06T14:47:51.235703+00:00', 'source': 'jsonplaceholder', 'record_id': 196, 'user_id': 10, 'title': 'consequuntur aut ut fugit similique', 'completed': True}
2026-04-06 20:17:57,034 [INFO] Sent API record to topic=public_api_records partition=0 offset=255 payload={'fetched_at': '2026-04-06T14:47:56.969183+00:00', 'source': 'jsonplaceholder', 'record_id': 45, 'user_id': 3, 'title': 'velit soluta adipisci molestias reiciendis harum', 'completed': False}
2026-04-06 20:18:02,474 [INFO] Sent API record to topic=public_api_records partition=0 offset=257 payload={'fetched_at': '2026-04-06T14:48:02.404795+00:00', 'source': 'jsonplaceholder', 'record_id': 71, 'user_id': 4, 'title': 'aut velit saepe ullam', 'completed': False}
2026-04-06 20:18:07,919 [INFO] Sent API record to topic=public_api_records partition=0 offset=259 payload={'fetched_at': '2026-04-06T14:48:07.845006+00:00', 'source': 'jsonplaceholder', 'record_id': 10, 'user_id': 1, 'title': 'illo est ratione doloremque quia maiores aut', 'completed': True}
2026-04-06 20:18:13,350 [INFO] Sent API record to topic=public_api_records partition=0 offset=261 payload={'fetched_at': '2026-04-06T14:48:13.290285+00:00', 'source': 'jsonplaceholder', 'record_id': 74, 'user_id': 4, 'title': 'expedita tempore nobis eveniet laborum maiores', 'completed': False}
2026-04-06 20:18:18,785 [INFO] Sent API record to topic=public_api_records partition=0 offset=263 payload={'fetched_at': '2026-04-06T14:48:18.720313+00:00', 'source': 'jsonplaceholder', 'record_id': 94, 'user_id': 5, 'title': 'facilis modi saepe mollitia', 'completed': False}
2026-04-06 20:18:24,224 [INFO] Sent API record to topic=public_api_records partition=0 offset=265 payload={'fetched_at': '2026-04-06T14:48:24.159847+00:00', 'source': 'jsonplaceholder', 'record_id': 70, 'user_id': 4, 'title': 'ut sequi accusantium et mollitia delectus sunt', 'completed': False}
2026-04-06 20:18:29,693 [INFO] Sent API record to topic=public_api_records partition=0 offset=267 payload={'fetched_at': '2026-04-06T14:48:29.625610+00:00', 'source': 'jsonplaceholder', 'record_id': 160, 'user_id': 8, 'title': 'et praesentium aliquam est', 'completed': False}
2026-04-06 20:18:35,433 [INFO] Sent API record to topic=public_api_records partition=0 offset=269 payload={'fetched_at': '2026-04-06T14:48:35.362845+00:00', 'source': 'jsonplaceholder', 'record_id': 180, 'user_id': 9, 'title': 'debitis nisi et dolorem repellat et', 'completed': True}
2026-04-06 20:18:40,871 [INFO] Sent API record to topic=public_api_records partition=0 offset=271 payload={'fetched_at': '2026-04-06T14:48:40.805956+00:00', 'source': 'jsonplaceholder', 'record_id': 196, 'user_id': 10, 'title': 'consequuntur aut ut fugit similique', 'completed': True}
2026-04-06 20:18:46,623 [INFO] Sent API record to topic=public_api_records partition=0 offset=273 payload={'fetched_at': '2026-04-06T14:48:46.560129+00:00', 'source': 'jsonplaceholder', 'record_id': 49, 'user_id': 3, 'title': 'ut necessitatibus aut maiores debitis officia blanditiis velit et', 'completed': False}
2026-04-06 20:18:52,047 [INFO] Sent API record to topic=public_api_records partition=0 offset=275 payload={'fetched_at': '2026-04-06T14:48:51.991536+00:00', 'source': 'jsonplaceholder', 'record_id': 48, 'user_id': 3, 'title': 'sit reprehenderit omnis quia', 'completed': False}
2026-04-06 20:18:57,501 [INFO] Sent API record to topic=public_api_records partition=0 offset=277 payload={'fetched_at': '2026-04-06T14:48:57.431573+00:00', 'source': 'jsonplaceholder', 'record_id': 8, 'user_id': 1, 'title': 'quo adipisci enim quam ut ab', 'completed': True}
2026-04-06 20:19:02,939 [INFO] Sent API record to topic=public_api_records partition=0 offset=279 payload={'fetched_at': '2026-04-06T14:49:02.875446+00:00', 'source': 'jsonplaceholder', 'record_id': 161, 'user_id': 9, 'title': 'ex hic consequuntur earum omnis alias ut occaecati culpa', 'completed': True}
2026-04-06 20:19:08,725 [INFO] Sent API record to topic=public_api_records partition=0 offset=281 payload={'fetched_at': '2026-04-06T14:49:08.657917+00:00', 'source': 'jsonplaceholder', 'record_id': 131, 'user_id': 7, 'title': 'qui ea incidunt quis', 'completed': False}
2026-04-06 20:19:14,181 [INFO] Sent API record to topic=public_api_records partition=0 offset=283 payload={'fetched_at': '2026-04-06T14:49:14.111930+00:00', 'source': 'jsonplaceholder', 'record_id': 13, 'user_id': 1, 'title': 'et doloremque nulla', 'completed': False}
2026-04-06 20:19:19,947 [INFO] Sent API record to topic=public_api_records partition=0 offset=285 payload={'fetched_at': '2026-04-06T14:49:19.879419+00:00', 'source': 'jsonplaceholder', 'record_id': 181, 'user_id': 10, 'title': 'ut cupiditate sequi aliquam fuga maiores', 'completed': False}
2026-04-06 20:19:25,390 [INFO] Sent API record to topic=public_api_records partition=0 offset=287 payload={'fetched_at': '2026-04-06T14:49:25.321576+00:00', 'source': 'jsonplaceholder', 'record_id': 91, 'user_id': 5, 'title': 'nulla quis consequatur saepe qui id expedita', 'completed': True}
2026-04-06 20:19:31,127 [INFO] Sent API record to topic=public_api_records partition=0 offset=289 payload={'fetched_at': '2026-04-06T14:49:31.059044+00:00', 'source': 'jsonplaceholder', 'record_id': 170, 'user_id': 9, 'title': 'quisquam aliquam quia doloribus aut', 'completed': False}
2026-04-06 20:19:36,582 [INFO] Sent API record to topic=public_api_records partition=0 offset=291 payload={'fetched_at': '2026-04-06T14:49:36.524765+00:00', 'source': 'jsonplaceholder', 'record_id': 184, 'user_id': 10, 'title': 'molestias modi perferendis perspiciatis', 'completed': False}
2026-04-06 20:19:42,039 [INFO] Sent API record to topic=public_api_records partition=0 offset=293 payload={'fetched_at': '2026-04-06T14:49:41.965310+00:00', 'source': 'jsonplaceholder', 'record_id': 164, 'user_id': 9, 'title': 'reprehenderit quos aut aut consequatur est sed', 'completed': False}
2026-04-06 20:19:47,787 [INFO] Sent API record to topic=public_api_records partition=0 offset=295 payload={'fetched_at': '2026-04-06T14:49:47.718072+00:00', 'source': 'jsonplaceholder', 'record_id': 93, 'user_id': 5, 'title': 'odio iure consequatur molestiae quibusdam necessitatibus quia sint', 'completed': True}
2026-04-06 20:19:53,243 [INFO] Sent API record to topic=public_api_records partition=0 offset=297 payload={'fetched_at': '2026-04-06T14:49:53.174360+00:00', 'source': 'jsonplaceholder', 'record_id': 67, 'user_id': 4, 'title': 'quia voluptatibus voluptatem quos similique maiores repellat', 'completed': False}
2026-04-06 20:19:58,695 [INFO] Sent API record to topic=public_api_records partition=0 offset=299 payload={'fetched_at': '2026-04-06T14:49:58.628458+00:00', 'source': 'jsonplaceholder', 'record_id': 16, 'user_id': 1, 'title': 'accusamus eos facilis sint et aut voluptatem', 'completed': True}
2026-04-06 20:20:04,139 [INFO] Sent API record to topic=public_api_records partition=0 offset=301 payload={'fetched_at': '2026-04-06T14:50:04.080603+00:00', 'source': 'jsonplaceholder', 'record_id': 55, 'user_id': 3, 'title': 'voluptatum omnis minima qui occaecati provident nulla voluptatem ratione', 'completed': True}
2026-04-06 20:20:09,607 [INFO] Sent API record to topic=public_api_records partition=0 offset=303 payload={'fetched_at': '2026-04-06T14:50:09.535930+00:00', 'source': 'jsonplaceholder', 'record_id': 157, 'user_id': 8, 'title': 'dolorem veniam quisquam deserunt repellendus', 'completed': True}
2026-04-06 20:20:15,078 [INFO] Sent API record to topic=public_api_records partition=0 offset=305 payload={'fetched_at': '2026-04-06T14:50:15.009556+00:00', 'source': 'jsonplaceholder', 'record_id': 182, 'user_id': 10, 'title': 'inventore saepe cumque et aut illum enim', 'completed': True}
2026-04-06 20:20:20,550 [INFO] Sent API record to topic=public_api_records partition=0 offset=307 payload={'fetched_at': '2026-04-06T14:50:20.484020+00:00', 'source': 'jsonplaceholder', 'record_id': 154, 'user_id': 8, 'title': 'rerum non ex sapiente', 'completed': True}
2026-04-06 20:20:25,990 [INFO] Sent API record to topic=public_api_records partition=0 offset=309 payload={'fetched_at': '2026-04-06T14:50:25.922110+00:00', 'source': 'jsonplaceholder', 'record_id': 5, 'user_id': 1, 'title': 'laboriosam mollitia et enim quasi adipisci quia provident illum', 'completed': False}
2026-04-06 20:20:31,474 [INFO] Sent API record to topic=public_api_records partition=0 offset=311 payload={'fetched_at': '2026-04-06T14:50:31.410677+00:00', 'source': 'jsonplaceholder', 'record_id': 158, 'user_id': 8, 'title': 'debitis vitae delectus et harum accusamus aut deleniti a', 'completed': True}
2026-04-06 20:20:36,913 [INFO] Sent API record to topic=public_api_records partition=0 offset=313 payload={'fetched_at': '2026-04-06T14:50:36.844290+00:00', 'source': 'jsonplaceholder', 'record_id': 148, 'user_id': 8, 'title': 'esse quas et quo quasi exercitationem', 'completed': False}
2026-04-06 20:20:42,646 [INFO] Sent API record to topic=public_api_records partition=0 offset=315 payload={'fetched_at': '2026-04-06T14:50:42.587325+00:00', 'source': 'jsonplaceholder', 'record_id': 17, 'user_id': 1, 'title': 'quo laboriosam deleniti aut qui', 'completed': True}
2026-04-06 20:20:48,102 [INFO] Sent API record to topic=public_api_records partition=0 offset=317 payload={'fetched_at': '2026-04-06T14:50:48.035713+00:00', 'source': 'jsonplaceholder', 'record_id': 16, 'user_id': 1, 'title': 'accusamus eos facilis sint et aut voluptatem', 'completed': True}
2026-04-06 20:20:53,550 [INFO] Sent API record to topic=public_api_records partition=0 offset=319 payload={'fetched_at': '2026-04-06T14:50:53.489222+00:00', 'source': 'jsonplaceholder', 'record_id': 115, 'user_id': 6, 'title': 'sed et ea eum', 'completed': False}
2026-04-06 20:20:59,011 [INFO] Sent API record to topic=public_api_records partition=0 offset=321 payload={'fetched_at': '2026-04-06T14:50:58.942844+00:00', 'source': 'jsonplaceholder', 'record_id': 87, 'user_id': 5, 'title': 'laudantium quae eligendi consequatur quia et vero autem', 'completed': True}
2026-04-06 20:21:04,452 [INFO] Sent API record to topic=public_api_records partition=0 offset=323 payload={'fetched_at': '2026-04-06T14:51:04.382456+00:00', 'source': 'jsonplaceholder', 'record_id': 103, 'user_id': 6, 'title': 'non sunt delectus illo nulla tenetur enim omnis', 'completed': False}
2026-04-06 20:21:09,888 [INFO] Sent API record to topic=public_api_records partition=0 offset=325 payload={'fetched_at': '2026-04-06T14:51:09.832646+00:00', 'source': 'jsonplaceholder', 'record_id': 49, 'user_id': 3, 'title': 'ut necessitatibus aut maiores debitis officia blanditiis velit et', 'completed': False}
2026-04-06 20:21:15,326 [INFO] Sent API record to topic=public_api_records partition=0 offset=327 payload={'fetched_at': '2026-04-06T14:51:15.263680+00:00', 'source': 'jsonplaceholder', 'record_id': 129, 'user_id': 7, 'title': 'rerum culpa quis harum', 'completed': False}
2026-04-06 20:21:20,763 [INFO] Sent API record to topic=public_api_records partition=0 offset=329 payload={'fetched_at': '2026-04-06T14:51:20.703229+00:00', 'source': 'jsonplaceholder', 'record_id': 113, 'user_id': 6, 'title': 'quia atque aliquam sunt impedit voluptatum rerum assumenda nisi', 'completed': False}
2026-04-06 20:21:26,389 [INFO] Sent API record to topic=public_api_records partition=0 offset=331 payload={'fetched_at': '2026-04-06T14:51:26.332081+00:00', 'source': 'jsonplaceholder', 'record_id': 58, 'user_id': 3, 'title': 'est dicta totam qui explicabo doloribus qui dignissimos', 'completed': False}
2026-04-06 20:21:31,831 [INFO] Sent API record to topic=public_api_records partition=0 offset=333 payload={'fetched_at': '2026-04-06T14:51:31.762677+00:00', 'source': 'jsonplaceholder', 'record_id': 167, 'user_id': 9, 'title': 'et quis minus quo a asperiores molestiae', 'completed': False}
2026-04-06 20:21:37,576 [INFO] Sent API record to topic=public_api_records partition=0 offset=335 payload={'fetched_at': '2026-04-06T14:51:37.512301+00:00', 'source': 'jsonplaceholder', 'record_id': 4, 'user_id': 1, 'title': 'et porro tempora', 'completed': True}
2026-04-06 20:21:43,332 [INFO] Sent API record to topic=public_api_records partition=0 offset=337 payload={'fetched_at': '2026-04-06T14:51:43.274943+00:00', 'source': 'jsonplaceholder', 'record_id': 144, 'user_id': 8, 'title': 'ut eum exercitationem sint', 'completed': False}
2026-04-06 20:21:48,781 [INFO] Sent API record to topic=public_api_records partition=0 offset=339 payload={'fetched_at': '2026-04-06T14:51:48.720260+00:00', 'source': 'jsonplaceholder', 'record_id': 162, 'user_id': 9, 'title': 'omnis laboriosam molestias animi sunt dolore', 'completed': True}
2026-04-06 20:21:54,225 [INFO] Sent API record to topic=public_api_records partition=0 offset=341 payload={'fetched_at': '2026-04-06T14:51:54.167904+00:00', 'source': 'jsonplaceholder', 'record_id': 53, 'user_id': 3, 'title': 'qui labore est occaecati recusandae aliquid quam', 'completed': False}
2026-04-06 20:21:59,687 [INFO] Sent API record to topic=public_api_records partition=0 offset=343 payload={'fetched_at': '2026-04-06T14:51:59.628585+00:00', 'source': 'jsonplaceholder', 'record_id': 5, 'user_id': 1, 'title': 'laboriosam mollitia et enim quasi adipisci quia provident illum', 'completed': False}
2026-04-06 20:22:05,132 [INFO] Sent API record to topic=public_api_records partition=0 offset=345 payload={'fetched_at': '2026-04-06T14:52:05.068991+00:00', 'source': 'jsonplaceholder', 'record_id': 75, 'user_id': 4, 'title': 'occaecati adipisci est possimus totam', 'completed': False}
2026-04-06 20:22:10,588 [INFO] Sent API record to topic=public_api_records partition=0 offset=347 payload={'fetched_at': '2026-04-06T14:52:10.528787+00:00', 'source': 'jsonplaceholder', 'record_id': 78, 'user_id': 4, 'title': 'reiciendis est magnam amet nemo iste recusandae impedit quaerat', 'completed': False}
2026-04-06 20:22:16,043 [INFO] Sent API record to topic=public_api_records partition=0 offset=349 payload={'fetched_at': '2026-04-06T14:52:15.974906+00:00', 'source': 'jsonplaceholder', 'record_id': 41, 'user_id': 3, 'title': 'aliquid amet impedit consequatur aspernatur placeat eaque fugiat suscipit', 'completed': False}
2026-04-06 20:22:21,501 [INFO] Sent API record to topic=public_api_records partition=0 offset=351 payload={'fetched_at': '2026-04-06T14:52:21.439648+00:00', 'source': 'jsonplaceholder', 'record_id': 111, 'user_id': 6, 'title': 'magni accusantium labore et id quis provident', 'completed': False}
2026-04-06 20:22:26,924 [INFO] Sent API record to topic=public_api_records partition=0 offset=353 payload={'fetched_at': '2026-04-06T14:52:26.868577+00:00', 'source': 'jsonplaceholder', 'record_id': 103, 'user_id': 6, 'title': 'non sunt delectus illo nulla tenetur enim omnis', 'completed': False}
2026-04-06 20:22:32,379 [INFO] Sent API record to topic=public_api_records partition=0 offset=355 payload={'fetched_at': '2026-04-06T14:52:32.316848+00:00', 'source': 'jsonplaceholder', 'record_id': 176, 'user_id': 9, 'title': 'magni soluta corrupti ut maiores rem quidem', 'completed': False}
2026-04-06 20:22:37,826 [INFO] Sent API record to topic=public_api_records partition=0 offset=357 payload={'fetched_at': '2026-04-06T14:52:37.757013+00:00', 'source': 'jsonplaceholder', 'record_id': 19, 'user_id': 1, 'title': 'molestiae ipsa aut voluptatibus pariatur dolor nihil', 'completed': True}
2026-04-06 20:22:43,296 [INFO] Sent API record to topic=public_api_records partition=0 offset=359 payload={'fetched_at': '2026-04-06T14:52:43.227273+00:00', 'source': 'jsonplaceholder', 'record_id': 196, 'user_id': 10, 'title': 'consequuntur aut ut fugit similique', 'completed': True}
2026-04-06 20:22:48,747 [INFO] Sent API record to topic=public_api_records partition=0 offset=361 payload={'fetched_at': '2026-04-06T14:52:48.678033+00:00', 'source': 'jsonplaceholder', 'record_id': 119, 'user_id': 6, 'title': 'corporis ducimus ea perspiciatis iste', 'completed': False}
2026-04-06 20:51:04,579 [INFO] Closing idle connection 1, last active 1695832 ms ago
2026-04-06 20:51:04,579 [INFO] <BrokerConnection node_id=1 host=host.docker.internal:9092 <connected> [IPv4 ('192.168.1.76', 9092)]>: Closing connection. 
2026-04-06 20:51:04,641 [INFO] <BrokerConnection node_id=1 host=host.docker.internal:9092 <connecting> [IPv4 ('192.168.1.76', 9092)]>: connecting to host.docker.internal:9092 [('192.168.1.76', 9092) IPv4]
2026-04-06 20:51:04,643 [INFO] <BrokerConnection node_id=1 host=host.docker.internal:9092 <connecting> [IPv4 ('192.168.1.76', 9092)]>: Connection complete.
2026-04-06 20:51:07,098 [ERROR] API request failed: HTTPSConnectionPool(host='jsonplaceholder.typicode.com', port=443): Max retries exceeded with url: /todos/180 (Caused by NameResolutionError("HTTPSConnection(host='jsonplaceholder.typicode.com', port=443): Failed to resolve 'jsonplaceholder.typicode.com' ([Errno 11001] getaddrinfo failed)"))
2026-04-06 20:51:12,849 [INFO] Sent API record to topic=public_api_records partition=0 offset=363 payload={'fetched_at': '2026-04-06T15:21:12.783859+00:00', 'source': 'jsonplaceholder', 'record_id': 65, 'user_id': 4, 'title': 'fugiat pariatur ratione ut asperiores necessitatibus magni', 'completed': False}
2026-04-06 20:51:18,292 [INFO] Sent API record to topic=public_api_records partition=0 offset=365 payload={'fetched_at': '2026-04-06T15:21:18.222476+00:00', 'source': 'jsonplaceholder', 'record_id': 187, 'user_id': 10, 'title': 'consequuntur animi possimus', 'completed': False}
2026-04-06 20:51:23,745 [INFO] Sent API record to topic=public_api_records partition=0 offset=367 payload={'fetched_at': '2026-04-06T15:21:23.677675+00:00', 'source': 'jsonplaceholder', 'record_id': 96, 'user_id': 5, 'title': 'nobis suscipit ducimus enim asperiores voluptas', 'completed': False}
2026-04-06 20:51:29,204 [INFO] Sent API record to topic=public_api_records partition=0 offset=369 payload={'fetched_at': '2026-04-06T15:21:29.148873+00:00', 'source': 'jsonplaceholder', 'record_id': 150, 'user_id': 8, 'title': 'eos amet tempore laudantium fugit a', 'completed': False}
2026-04-06 20:51:34,788 [INFO] Sent API record to topic=public_api_records partition=0 offset=371 payload={'fetched_at': '2026-04-06T15:21:34.728073+00:00', 'source': 'jsonplaceholder', 'record_id': 138, 'user_id': 7, 'title': 'placeat minima consequatur rem qui ut', 'completed': True}
2026-04-06 20:51:40,220 [INFO] Sent API record to topic=public_api_records partition=0 offset=372 payload={'fetched_at': '2026-04-06T15:21:40.163452+00:00', 'source': 'jsonplaceholder', 'record_id': 179, 'user_id': 9, 'title': 'omnis consequuntur cupiditate impedit itaque ipsam quo', 'completed': True}
2026-04-06 20:51:45,681 [INFO] Sent API record to topic=public_api_records partition=0 offset=375 payload={'fetched_at': '2026-04-06T15:21:45.617946+00:00', 'source': 'jsonplaceholder', 'record_id': 21, 'user_id': 2, 'title': 'suscipit repellat esse quibusdam voluptatem incidunt', 'completed': False}
2026-04-06 20:51:51,150 [INFO] Sent API record to topic=public_api_records partition=0 offset=377 payload={'fetched_at': '2026-04-06T15:21:51.089126+00:00', 'source': 'jsonplaceholder', 'record_id': 71, 'user_id': 4, 'title': 'aut velit saepe ullam', 'completed': False}
2026-04-06 20:51:56,625 [INFO] Sent API record to topic=public_api_records partition=0 offset=378 payload={'fetched_at': '2026-04-06T15:21:56.561571+00:00', 'source': 'jsonplaceholder', 'record_id': 24, 'user_id': 2, 'title': 'adipisci non ad dicta qui amet quaerat doloribus ea', 'completed': False}
2026-04-06 20:52:02,065 [INFO] Sent API record to topic=public_api_records partition=0 offset=380 payload={'fetched_at': '2026-04-06T15:22:02.001452+00:00', 'source': 'jsonplaceholder', 'record_id': 47, 'user_id': 3, 'title': 'nam qui rerum fugiat accusamus', 'completed': False}
2026-04-06 20:52:07,500 [INFO] Sent API record to topic=public_api_records partition=0 offset=382 payload={'fetched_at': '2026-04-06T15:22:07.442999+00:00', 'source': 'jsonplaceholder', 'record_id': 173, 'user_id': 9, 'title': 'harum ad aperiam quis', 'completed': False}
2026-04-06 20:52:13,237 [INFO] Sent API record to topic=public_api_records partition=0 offset=385 payload={'fetched_at': '2026-04-06T15:22:13.179430+00:00', 'source': 'jsonplaceholder', 'record_id': 178, 'user_id': 9, 'title': 'nesciunt itaque commodi tempore', 'completed': True}
2026-04-06 20:52:18,674 [INFO] Sent API record to topic=public_api_records partition=0 offset=386 payload={'fetched_at': '2026-04-06T15:22:18.614311+00:00', 'source': 'jsonplaceholder', 'record_id': 174, 'user_id': 9, 'title': 'similique aut quo', 'completed': False}
2026-04-06 20:52:24,162 [INFO] Sent API record to topic=public_api_records partition=0 offset=388 payload={'fetched_at': '2026-04-06T15:22:24.092263+00:00', 'source': 'jsonplaceholder', 'record_id': 85, 'user_id': 5, 'title': 'et quia ad iste a', 'completed': True}
2026-04-06 20:52:29,617 [INFO] Sent API record to topic=public_api_records partition=0 offset=390 payload={'fetched_at': '2026-04-06T15:22:29.557483+00:00', 'source': 'jsonplaceholder', 'record_id': 67, 'user_id': 4, 'title': 'quia voluptatibus voluptatem quos similique maiores repellat', 'completed': False}
2026-04-06 20:52:35,348 [INFO] Sent API record to topic=public_api_records partition=0 offset=392 payload={'fetched_at': '2026-04-06T15:22:35.281891+00:00', 'source': 'jsonplaceholder', 'record_id': 52, 'user_id': 3, 'title': 'nesciunt dolorum quis recusandae ad pariatur ratione', 'completed': False}
2026-04-06 20:52:40,795 [INFO] Sent API record to topic=public_api_records partition=0 offset=394 payload={'fetched_at': '2026-04-06T15:22:40.736714+00:00', 'source': 'jsonplaceholder', 'record_id': 25, 'user_id': 2, 'title': 'voluptas quo tenetur perspiciatis explicabo natus', 'completed': True}
2026-04-06 20:52:46,279 [INFO] Sent API record to topic=public_api_records partition=0 offset=396 payload={'fetched_at': '2026-04-06T15:22:46.206985+00:00', 'source': 'jsonplaceholder', 'record_id': 128, 'user_id': 7, 'title': 'eius omnis est qui voluptatem autem', 'completed': False}
2026-04-06 20:52:51,854 [INFO] Sent API record to topic=public_api_records partition=0 offset=399 payload={'fetched_at': '2026-04-06T15:22:51.789534+00:00', 'source': 'jsonplaceholder', 'record_id': 105, 'user_id': 6, 'title': 'totam quia dolorem et illum repellat voluptas optio', 'completed': True}
2026-04-06 20:52:57,315 [INFO] Sent API record to topic=public_api_records partition=0 offset=401 payload={'fetched_at': '2026-04-06T15:22:57.242798+00:00', 'source': 'jsonplaceholder', 'record_id': 112, 'user_id': 6, 'title': 'consectetur impedit quisquam qui deserunt non rerum consequuntur eius', 'completed': False}
2026-04-06 20:53:03,075 [INFO] Sent API record to topic=public_api_records partition=0 offset=403 payload={'fetched_at': '2026-04-06T15:23:03.013409+00:00', 'source': 'jsonplaceholder', 'record_id': 149, 'user_id': 8, 'title': 'animi voluptas quod perferendis est', 'completed': False}
2026-04-06 20:53:08,510 [INFO] Sent API record to topic=public_api_records partition=0 offset=405 payload={'fetched_at': '2026-04-06T15:23:08.453414+00:00', 'source': 'jsonplaceholder', 'record_id': 139, 'user_id': 7, 'title': 'consequatur doloribus id possimus voluptas a voluptatem', 'completed': False}
2026-04-06 20:53:13,966 [INFO] Sent API record to topic=public_api_records partition=0 offset=407 payload={'fetched_at': '2026-04-06T15:23:13.908566+00:00', 'source': 'jsonplaceholder', 'record_id': 41, 'user_id': 3, 'title': 'aliquid amet impedit consequatur aspernatur placeat eaque fugiat suscipit', 'completed': False}
2026-04-06 20:53:19,406 [INFO] Sent API record to topic=public_api_records partition=0 offset=409 payload={'fetched_at': '2026-04-06T15:23:19.350113+00:00', 'source': 'jsonplaceholder', 'record_id': 10, 'user_id': 1, 'title': 'illo est ratione doloremque quia maiores aut', 'completed': True}
2026-04-06 20:53:24,863 [INFO] Sent API record to topic=public_api_records partition=0 offset=411 payload={'fetched_at': '2026-04-06T15:23:24.801419+00:00', 'source': 'jsonplaceholder', 'record_id': 53, 'user_id': 3, 'title': 'qui labore est occaecati recusandae aliquid quam', 'completed': False}
2026-04-06 20:53:30,299 [INFO] Sent API record to topic=public_api_records partition=0 offset=413 payload={'fetched_at': '2026-04-06T15:23:30.233831+00:00', 'source': 'jsonplaceholder', 'record_id': 157, 'user_id': 8, 'title': 'dolorem veniam quisquam deserunt repellendus', 'completed': True}
2026-04-06 20:53:35,753 [INFO] Sent API record to topic=public_api_records partition=0 offset=414 payload={'fetched_at': '2026-04-06T15:23:35.694589+00:00', 'source': 'jsonplaceholder', 'record_id': 103, 'user_id': 6, 'title': 'non sunt delectus illo nulla tenetur enim omnis', 'completed': False}
2026-04-06 20:53:41,206 [INFO] Sent API record to topic=public_api_records partition=0 offset=416 payload={'fetched_at': '2026-04-06T15:23:41.146530+00:00', 'source': 'jsonplaceholder', 'record_id': 160, 'user_id': 8, 'title': 'et praesentium aliquam est', 'completed': False}
2026-04-06 20:53:46,676 [INFO] Sent API record to topic=public_api_records partition=0 offset=418 payload={'fetched_at': '2026-04-06T15:23:46.610428+00:00', 'source': 'jsonplaceholder', 'record_id': 18, 'user_id': 1, 'title': 'dolorum est consequatur ea mollitia in culpa', 'completed': False}
2026-04-06 20:53:52,133 [INFO] Sent API record to topic=public_api_records partition=0 offset=420 payload={'fetched_at': '2026-04-06T15:23:52.068630+00:00', 'source': 'jsonplaceholder', 'record_id': 174, 'user_id': 9, 'title': 'similique aut quo', 'completed': False}
2026-04-06 20:53:57,590 [INFO] Sent API record to topic=public_api_records partition=0 offset=422 payload={'fetched_at': '2026-04-06T15:23:57.522989+00:00', 'source': 'jsonplaceholder', 'record_id': 21, 'user_id': 2, 'title': 'suscipit repellat esse quibusdam voluptatem incidunt', 'completed': False}
2026-04-06 20:54:03,042 [INFO] Sent API record to topic=public_api_records partition=0 offset=424 payload={'fetched_at': '2026-04-06T15:24:02.981595+00:00', 'source': 'jsonplaceholder', 'record_id': 48, 'user_id': 3, 'title': 'sit reprehenderit omnis quia', 'completed': False}
2026-04-06 20:54:08,487 [INFO] Sent API record to topic=public_api_records partition=0 offset=426 payload={'fetched_at': '2026-04-06T15:24:08.431540+00:00', 'source': 'jsonplaceholder', 'record_id': 63, 'user_id': 4, 'title': 'doloremque aut dolores quidem fuga qui nulla', 'completed': True}
2026-04-06 20:54:13,949 [INFO] Sent API record to topic=public_api_records partition=0 offset=428 payload={'fetched_at': '2026-04-06T15:24:13.888442+00:00', 'source': 'jsonplaceholder', 'record_id': 149, 'user_id': 8, 'title': 'animi voluptas quod perferendis est', 'completed': False}
2026-04-06 20:54:19,778 [INFO] Sent API record to topic=public_api_records partition=0 offset=430 payload={'fetched_at': '2026-04-06T15:24:19.718981+00:00', 'source': 'jsonplaceholder', 'record_id': 97, 'user_id': 5, 'title': 'dolorum laboriosam eos qui iure aliquam', 'completed': False}
2026-04-06 20:54:25,216 [INFO] Sent API record to topic=public_api_records partition=0 offset=432 payload={'fetched_at': '2026-04-06T15:24:25.155745+00:00', 'source': 'jsonplaceholder', 'record_id': 62, 'user_id': 4, 'title': 'et placeat et tempore aspernatur sint numquam', 'completed': False}
2026-04-06 20:54:30,693 [INFO] Sent API record to topic=public_api_records partition=0 offset=434 payload={'fetched_at': '2026-04-06T15:24:30.623934+00:00', 'source': 'jsonplaceholder', 'record_id': 19, 'user_id': 1, 'title': 'molestiae ipsa aut voluptatibus pariatur dolor nihil', 'completed': True}
2026-04-06 20:54:36,139 [INFO] Sent API record to topic=public_api_records partition=0 offset=436 payload={'fetched_at': '2026-04-06T15:24:36.078005+00:00', 'source': 'jsonplaceholder', 'record_id': 67, 'user_id': 4, 'title': 'quia voluptatibus voluptatem quos similique maiores repellat', 'completed': False}
2026-04-06 20:54:41,897 [INFO] Sent API record to topic=public_api_records partition=0 offset=438 payload={'fetched_at': '2026-04-06T15:24:41.833221+00:00', 'source': 'jsonplaceholder', 'record_id': 152, 'user_id': 8, 'title': 'odit eligendi recusandae doloremque cumque non', 'completed': False}
2026-04-06 20:54:47,493 [INFO] Sent API record to topic=public_api_records partition=0 offset=440 payload={'fetched_at': '2026-04-06T15:24:47.428999+00:00', 'source': 'jsonplaceholder', 'record_id': 186, 'user_id': 10, 'title': 'explicabo odio est et', 'completed': False}
2026-04-06 20:54:52,925 [INFO] Sent API record to topic=public_api_records partition=0 offset=442 payload={'fetched_at': '2026-04-06T15:24:52.865460+00:00', 'source': 'jsonplaceholder', 'record_id': 20, 'user_id': 1, 'title': 'ullam nobis libero sapiente ad optio sint', 'completed': True}
2026-04-06 20:54:58,613 [INFO] Sent API record to topic=public_api_records partition=0 offset=444 payload={'fetched_at': '2026-04-06T15:24:58.551906+00:00', 'source': 'jsonplaceholder', 'record_id': 13, 'user_id': 1, 'title': 'et doloremque nulla', 'completed': False}
2026-04-06 20:55:04,354 [INFO] Sent API record to topic=public_api_records partition=0 offset=446 payload={'fetched_at': '2026-04-06T15:25:04.293145+00:00', 'source': 'jsonplaceholder', 'record_id': 195, 'user_id': 10, 'title': 'rerum ex veniam mollitia voluptatibus pariatur', 'completed': True}
2026-04-06 20:55:09,808 [INFO] Sent API record to topic=public_api_records partition=0 offset=448 payload={'fetched_at': '2026-04-06T15:25:09.747742+00:00', 'source': 'jsonplaceholder', 'record_id': 90, 'user_id': 5, 'title': 'molestiae nisi accusantium tenetur dolorem et', 'completed': True}
2026-04-06 20:55:15,615 [INFO] Sent API record to topic=public_api_records partition=0 offset=450 payload={'fetched_at': '2026-04-06T15:25:15.555297+00:00', 'source': 'jsonplaceholder', 'record_id': 38, 'user_id': 2, 'title': 'totam quia non', 'completed': False}
2026-04-06 20:55:21,058 [INFO] Sent API record to topic=public_api_records partition=0 offset=452 payload={'fetched_at': '2026-04-06T15:25:20.995981+00:00', 'source': 'jsonplaceholder', 'record_id': 76, 'user_id': 4, 'title': 'sequi dolorem sed', 'completed': True}
2026-04-06 20:55:26,509 [INFO] Sent API record to topic=public_api_records partition=0 offset=454 payload={'fetched_at': '2026-04-06T15:25:26.450384+00:00', 'source': 'jsonplaceholder', 'record_id': 109, 'user_id': 6, 'title': 'autem temporibus harum quisquam in culpa', 'completed': True}
2026-04-06 20:55:32,107 [INFO] Sent API record to topic=public_api_records partition=0 offset=456 payload={'fetched_at': '2026-04-06T15:25:32.041018+00:00', 'source': 'jsonplaceholder', 'record_id': 193, 'user_id': 10, 'title': 'rerum debitis voluptatem qui eveniet tempora distinctio a', 'completed': True}
2026-04-06 20:55:37,537 [INFO] Sent API record to topic=public_api_records partition=0 offset=458 payload={'fetched_at': '2026-04-06T15:25:37.471024+00:00', 'source': 'jsonplaceholder', 'record_id': 137, 'user_id': 7, 'title': 'qui sit non', 'completed': False}
2026-04-06 20:55:43,261 [INFO] Sent API record to topic=public_api_records partition=0 offset=460 payload={'fetched_at': '2026-04-06T15:25:43.191892+00:00', 'source': 'jsonplaceholder', 'record_id': 7, 'user_id': 1, 'title': 'illo expedita consequatur quia in', 'completed': False}
2026-04-06 20:55:48,728 [INFO] Sent API record to topic=public_api_records partition=0 offset=462 payload={'fetched_at': '2026-04-06T15:25:48.661187+00:00', 'source': 'jsonplaceholder', 'record_id': 53, 'user_id': 3, 'title': 'qui labore est occaecati recusandae aliquid quam', 'completed': False}
2026-04-06 20:55:54,172 [INFO] Sent API record to topic=public_api_records partition=0 offset=464 payload={'fetched_at': '2026-04-06T15:25:54.106470+00:00', 'source': 'jsonplaceholder', 'record_id': 188, 'user_id': 10, 'title': 'vel non beatae est', 'completed': True}
2026-04-06 20:55:59,617 [INFO] Sent API record to topic=public_api_records partition=0 offset=466 payload={'fetched_at': '2026-04-06T15:25:59.546590+00:00', 'source': 'jsonplaceholder', 'record_id': 103, 'user_id': 6, 'title': 'non sunt delectus illo nulla tenetur enim omnis', 'completed': False}
2026-04-06 20:56:05,048 [INFO] Sent API record to topic=public_api_records partition=0 offset=468 payload={'fetched_at': '2026-04-06T15:26:04.993243+00:00', 'source': 'jsonplaceholder', 'record_id': 55, 'user_id': 3, 'title': 'voluptatum omnis minima qui occaecati provident nulla voluptatem ratione', 'completed': True}
2026-04-06 20:56:10,509 [INFO] Sent API record to topic=public_api_records partition=0 offset=470 payload={'fetched_at': '2026-04-06T15:26:10.443475+00:00', 'source': 'jsonplaceholder', 'record_id': 5, 'user_id': 1, 'title': 'laboriosam mollitia et enim quasi adipisci quia provident illum', 'completed': False}
2026-04-06 20:56:15,957 [INFO] Sent API record to topic=public_api_records partition=0 offset=472 payload={'fetched_at': '2026-04-06T15:26:15.886212+00:00', 'source': 'jsonplaceholder', 'record_id': 144, 'user_id': 8, 'title': 'ut eum exercitationem sint', 'completed': False}
2026-04-06 20:56:21,414 [INFO] Sent API record to topic=public_api_records partition=0 offset=474 payload={'fetched_at': '2026-04-06T15:26:21.350173+00:00', 'source': 'jsonplaceholder', 'record_id': 35, 'user_id': 2, 'title': 'repellendus veritatis molestias dicta incidunt', 'completed': True}
2026-04-06 20:56:26,874 [INFO] Sent API record to topic=public_api_records partition=0 offset=476 payload={'fetched_at': '2026-04-06T15:26:26.811540+00:00', 'source': 'jsonplaceholder', 'record_id': 53, 'user_id': 3, 'title': 'qui labore est occaecati recusandae aliquid quam', 'completed': False}
2026-04-06 20:56:32,332 [INFO] Sent API record to topic=public_api_records partition=0 offset=478 payload={'fetched_at': '2026-04-06T15:26:32.266712+00:00', 'source': 'jsonplaceholder', 'record_id': 124, 'user_id': 7, 'title': 'qui consectetur id', 'completed': False}
2026-04-06 20:56:37,816 [INFO] Sent API record to topic=public_api_records partition=0 offset=480 payload={'fetched_at': '2026-04-06T15:26:37.755635+00:00', 'source': 'jsonplaceholder', 'record_id': 113, 'user_id': 6, 'title': 'quia atque aliquam sunt impedit voluptatum rerum assumenda nisi', 'completed': False}
2026-04-06 20:56:37,973 [INFO] Received signal 2. Shutting down producer.
2026-04-06 20:56:37,973 [INFO] Producer stopped by user.
2026-04-06 20:56:37,973 [INFO] Closing the Kafka producer with 4294967.0 secs timeout.
2026-04-06 20:56:37,974 [INFO] <BrokerConnection node_id=1 host=host.docker.internal:9092 <connected> [IPv4 ('192.168.1.76', 9092)]>: Closing connection. 
